[ 2016-11-08T00:04:15+08:00 ] 127.0.0.1 /Admin/Article/index
INFO: [ app_init ] --START--
INFO: Run Behavior\BuildLiteBehavior [ RunTime:0.000015s ]
INFO: [ app_init ] --END-- [ RunTime:0.000445s ]
INFO: [ app_begin ] --START--
INFO: Run Behavior\ReadHtmlCacheBehavior [ RunTime:0.000896s ]
INFO: [ app_begin ] --END-- [ RunTime:0.001019s ]
NOTIC: [2] session_start(): open(E/session\v\sess_vpst9n6qtjaa4sisjqpi0a65g7, O_RDWR) failed: No such file or directory (2) E:\www\shopadmin.com\ThinkPHP\Common\functions.php 第 1263 行.

[ 2016-11-08T00:04:16+08:00 ] 127.0.0.1 /Admin/Article/index
INFO: [ app_init ] --START--
INFO: Run Behavior\BuildLiteBehavior [ RunTime:0.000015s ]
INFO: [ app_init ] --END-- [ RunTime:0.000526s ]
INFO: [ app_begin ] --START--
INFO: Run Behavior\ReadHtmlCacheBehavior [ RunTime:0.000580s ]
INFO: [ app_begin ] --END-- [ RunTime:0.000679s ]
NOTIC: [2] session_start(): open(E/session\v\sess_vpst9n6qtjaa4sisjqpi0a65g7, O_RDWR) failed: No such file or directory (2) E:\www\shopadmin.com\ThinkPHP\Common\functions.php 第 1263 行.

[ 2016-11-08T00:04:27+08:00 ] 127.0.0.1 /Admin/Article/index
INFO: [ app_init ] --START--
INFO: Run Behavior\BuildLiteBehavior [ RunTime:0.000015s ]
INFO: [ app_init ] --END-- [ RunTime:0.000422s ]
INFO: [ app_begin ] --START--
INFO: Run Behavior\ReadHtmlCacheBehavior [ RunTime:0.000553s ]
INFO: [ app_begin ] --END-- [ RunTime:0.000656s ]
NOTIC: [2] session_start(): open(E/session\1\sess_1vq3vhcqhr1fvr8t2rqs2brrb6, O_RDWR) failed: No such file or directory (2) E:\www\shopadmin.com\ThinkPHP\Common\functions.php 第 1263 行.

[ 2016-11-08T00:04:54+08:00 ] 127.0.0.1 /Admin/Article/index
INFO: [ app_init ] --START--
INFO: Run Behavior\BuildLiteBehavior [ RunTime:0.000016s ]
INFO: [ app_init ] --END-- [ RunTime:0.000476s ]
INFO: [ app_begin ] --START--
INFO: Run Behavior\ReadHtmlCacheBehavior [ RunTime:0.000479s ]
INFO: [ app_begin ] --END-- [ RunTime:0.000563s ]
NOTIC: [2] session_start(): open(E/session\1\sess_1vq3vhcqhr1fvr8t2rqs2brrb6, O_RDWR) failed: No such file or directory (2) E:\www\shopadmin.com\ThinkPHP\Common\functions.php 第 1263 行.
SQL: SHOW COLUMNS FROM `shop_article` [ RunTime:0.0234s ]
SQL: SELECT COUNT(*) AS tp_count FROM `shop_article` WHERE `status` <> -1 LIMIT 1   [ RunTime:0.0004s ]
SQL: SELECT * FROM `shop_article` WHERE `status` <> -1 ORDER BY sort LIMIT 0,2   [ RunTime:0.0006s ]
SQL: SELECT COUNT(*) AS tp_count FROM `shop_article` WHERE `status` <> -1 LIMIT 1   [ RunTime:0.0003s ]
SQL: SELECT * FROM `shop_article` WHERE `status` <> -1 ORDER BY sort LIMIT 0,2   [ RunTime:0.0004s ]
SQL: SHOW COLUMNS FROM `shop_article_category` [ RunTime:0.0322s ]
SQL: SELECT `id`,`name` FROM `shop_article_category`  [ RunTime:0.0004s ]
INFO: [ view_parse ] --START--
INFO: [ template_filter ] --START--
INFO: Run Behavior\ContentReplaceBehavior [ RunTime:0.000080s ]
INFO: [ template_filter ] --END-- [ RunTime:0.000160s ]
INFO: Run Behavior\ParseTemplateBehavior [ RunTime:0.038001s ]
INFO: [ view_parse ] --END-- [ RunTime:0.038067s ]
INFO: [ view_filter ] --START--
INFO: Run Behavior\WriteHtmlCacheBehavior [ RunTime:0.000369s ]
INFO: [ view_filter ] --END-- [ RunTime:0.000411s ]
INFO: [ app_end ] --START--
INFO: Run Behavior\ShowPageTraceBehavior [ RunTime:0.000621s ]
INFO: [ app_end ] --END-- [ RunTime:0.000666s ]

[ 2016-11-08T00:05:00+08:00 ] 127.0.0.1 /Admin/Article/edit/id/2.html
INFO: [ app_init ] --START--
INFO: Run Behavior\BuildLiteBehavior [ RunTime:0.000020s ]
INFO: [ app_init ] --END-- [ RunTime:0.000392s ]
INFO: [ app_begin ] --START--
INFO: Run Behavior\ReadHtmlCacheBehavior [ RunTime:0.000435s ]
INFO: [ app_begin ] --END-- [ RunTime:0.000486s ]
NOTIC: [2] session_start(): open(E/session\1\sess_1vq3vhcqhr1fvr8t2rqs2brrb6, O_RDWR) failed: No such file or directory (2) E:\www\shopadmin.com\ThinkPHP\Common\functions.php 第 1263 行.
SQL: SHOW COLUMNS FROM `shop_article` [ RunTime:0.0162s ]
SQL: SHOW COLUMNS FROM `shop_article_category` [ RunTime:0.0307s ]
SQL: SELECT `id`,`name` FROM `shop_article_category`  [ RunTime:0.0003s ]
SQL: SELECT * FROM `shop_article` INNER JOIN shop_article_content as dq on dq.article_id=shop_article.id  WHERE `id` = '2' LIMIT 1   [ RunTime:0.0063s ]
INFO: [ view_parse ] --START--
INFO: [ template_filter ] --START--
INFO: Run Behavior\ContentReplaceBehavior [ RunTime:0.000071s ]
INFO: [ template_filter ] --END-- [ RunTime:0.000122s ]
INFO: Run Behavior\ParseTemplateBehavior [ RunTime:0.033363s ]
INFO: [ view_parse ] --END-- [ RunTime:0.033442s ]
INFO: [ view_filter ] --START--
INFO: Run Behavior\WriteHtmlCacheBehavior [ RunTime:0.000266s ]
INFO: [ view_filter ] --END-- [ RunTime:0.000320s ]
INFO: [ app_end ] --START--
INFO: Run Behavior\ShowPageTraceBehavior [ RunTime:0.000495s ]
INFO: [ app_end ] --END-- [ RunTime:0.000531s ]

[ 2016-11-08T00:05:02+08:00 ] 127.0.0.1 /Admin/Article/add.html
INFO: [ app_init ] --START--
INFO: Run Behavior\BuildLiteBehavior [ RunTime:0.000016s ]
INFO: [ app_init ] --END-- [ RunTime:0.000427s ]
INFO: [ app_begin ] --START--
INFO: Run Behavior\ReadHtmlCacheBehavior [ RunTime:0.000463s ]
INFO: [ app_begin ] --END-- [ RunTime:0.000519s ]
NOTIC: [2] session_start(): open(E/session\1\sess_1vq3vhcqhr1fvr8t2rqs2brrb6, O_RDWR) failed: No such file or directory (2) E:\www\shopadmin.com\ThinkPHP\Common\functions.php 第 1263 行.
SQL: SHOW COLUMNS FROM `shop_article` [ RunTime:0.0177s ]
NOTIC: [8] Undefined index: validate E:\www\shopadmin.com\ThinkPHP\Library\Think\Model.class.php 第 1185 行.
NOTIC: [8] Undefined index: auto E:\www\shopadmin.com\ThinkPHP\Library\Think\Model.class.php 第 1128 行.
ERR: 1062:Duplicate entry '2' for key 'PRIMARY'
 [ SQL语句 ] : INSERT INTO `shop_article` (`name`,`article_category_id`,`intro`,`sort`,`status`,`id`) VALUES ('楚汉传奇','2','刘邦和项羽之间的江山之争相当精彩的对决','20','1','2')
ERR: 1062:Duplicate entry '2' for key 'PRIMARY'
 [ SQL语句 ] : INSERT INTO `shop_article` (`name`,`article_category_id`,`intro`,`sort`,`status`,`id`) VALUES ('楚汉传奇','2','刘邦和项羽之间的江山之争相当精彩的对决','20','1','2')

[ 2016-11-08T00:05:12+08:00 ] 127.0.0.1 /Admin/Article/edit/id/2.html
INFO: [ app_init ] --START--
INFO: Run Behavior\BuildLiteBehavior [ RunTime:0.000014s ]
INFO: [ app_init ] --END-- [ RunTime:0.000363s ]
INFO: [ app_begin ] --START--
INFO: Run Behavior\ReadHtmlCacheBehavior [ RunTime:0.000452s ]
INFO: [ app_begin ] --END-- [ RunTime:0.000504s ]
NOTIC: [2] session_start(): open(E/session\1\sess_1vq3vhcqhr1fvr8t2rqs2brrb6, O_RDWR) failed: No such file or directory (2) E:\www\shopadmin.com\ThinkPHP\Common\functions.php 第 1263 行.
SQL: SHOW COLUMNS FROM `shop_article` [ RunTime:0.0149s ]
SQL: SHOW COLUMNS FROM `shop_article_category` [ RunTime:0.0105s ]
SQL: SELECT `id`,`name` FROM `shop_article_category`  [ RunTime:0.0003s ]
SQL: SELECT * FROM `shop_article` INNER JOIN shop_article_content as dq on dq.article_id=shop_article.id  WHERE `id` = '2' LIMIT 1   [ RunTime:0.0004s ]
INFO: [ view_parse ] --START--
INFO: [ template_filter ] --START--
INFO: Run Behavior\ContentReplaceBehavior [ RunTime:0.000077s ]
INFO: [ template_filter ] --END-- [ RunTime:0.000122s ]
INFO: Run Behavior\ParseTemplateBehavior [ RunTime:0.006940s ]
INFO: [ view_parse ] --END-- [ RunTime:0.007028s ]
INFO: [ view_filter ] --START--
INFO: Run Behavior\WriteHtmlCacheBehavior [ RunTime:0.000391s ]
INFO: [ view_filter ] --END-- [ RunTime:0.000444s ]
INFO: [ app_end ] --START--
INFO: Run Behavior\ShowPageTraceBehavior [ RunTime:0.000533s ]
INFO: [ app_end ] --END-- [ RunTime:0.000573s ]

[ 2016-11-08T00:14:00+08:00 ] 127.0.0.1 /Admin/Article/index
INFO: [ app_init ] --START--
INFO: Run Behavior\BuildLiteBehavior [ RunTime:0.000013s ]
INFO: [ app_init ] --END-- [ RunTime:0.000342s ]
INFO: [ app_begin ] --START--
INFO: Run Behavior\ReadHtmlCacheBehavior [ RunTime:0.000475s ]
INFO: [ app_begin ] --END-- [ RunTime:0.000530s ]
NOTIC: [2] session_start(): open(E/session\1\sess_1vq3vhcqhr1fvr8t2rqs2brrb6, O_RDWR) failed: No such file or directory (2) E:\www\shopadmin.com\ThinkPHP\Common\functions.php 第 1263 行.
SQL: SHOW COLUMNS FROM `shop_article` [ RunTime:0.0326s ]
SQL: SELECT COUNT(*) AS tp_count FROM `shop_article` WHERE `status` <> -1 LIMIT 1   [ RunTime:0.0010s ]
SQL: SELECT * FROM `shop_article` WHERE `status` <> -1 ORDER BY sort LIMIT 0,2   [ RunTime:0.0006s ]
SQL: SELECT COUNT(*) AS tp_count FROM `shop_article` WHERE `status` <> -1 LIMIT 1   [ RunTime:0.0004s ]
SQL: SELECT * FROM `shop_article` WHERE `status` <> -1 ORDER BY sort LIMIT 0,2   [ RunTime:0.0005s ]
SQL: SHOW COLUMNS FROM `shop_article_category` [ RunTime:0.0199s ]
SQL: SELECT `id`,`name` FROM `shop_article_category`  [ RunTime:0.0006s ]
INFO: [ view_parse ] --START--
INFO: [ template_filter ] --START--
INFO: Run Behavior\ContentReplaceBehavior [ RunTime:0.000074s ]
INFO: [ template_filter ] --END-- [ RunTime:0.000144s ]
INFO: Run Behavior\ParseTemplateBehavior [ RunTime:0.008250s ]
INFO: [ view_parse ] --END-- [ RunTime:0.008327s ]
INFO: [ view_filter ] --START--
INFO: Run Behavior\WriteHtmlCacheBehavior [ RunTime:0.000292s ]
INFO: [ view_filter ] --END-- [ RunTime:0.000326s ]
INFO: [ app_end ] --START--
INFO: Run Behavior\ShowPageTraceBehavior [ RunTime:0.000537s ]
INFO: [ app_end ] --END-- [ RunTime:0.000572s ]

[ 2016-11-08T00:14:01+08:00 ] 127.0.0.1 /Admin/Article/edit/id/2.html
INFO: [ app_init ] --START--
INFO: Run Behavior\BuildLiteBehavior [ RunTime:0.000015s ]
INFO: [ app_init ] --END-- [ RunTime:0.000405s ]
INFO: [ app_begin ] --START--
INFO: Run Behavior\ReadHtmlCacheBehavior [ RunTime:0.000587s ]
INFO: [ app_begin ] --END-- [ RunTime:0.000642s ]
NOTIC: [2] session_start(): open(E/session\1\sess_1vq3vhcqhr1fvr8t2rqs2brrb6, O_RDWR) failed: No such file or directory (2) E:\www\shopadmin.com\ThinkPHP\Common\functions.php 第 1263 行.
NOTIC: [8] Undefined variable: article E:\www\shopadmin.com\Application\Admin\Controller\ArticleController.class.php 第 89 行.

[ 2016-11-08T00:18:44+08:00 ] 127.0.0.1 /Admin/Article/edit/id/2.html
INFO: [ app_init ] --START--
INFO: Run Behavior\BuildLiteBehavior [ RunTime:0.000015s ]
INFO: [ app_init ] --END-- [ RunTime:0.000439s ]
INFO: [ app_begin ] --START--
INFO: Run Behavior\ReadHtmlCacheBehavior [ RunTime:0.000505s ]
INFO: [ app_begin ] --END-- [ RunTime:0.000554s ]
NOTIC: [2] session_start(): open(E/session\1\sess_1vq3vhcqhr1fvr8t2rqs2brrb6, O_RDWR) failed: No such file or directory (2) E:\www\shopadmin.com\ThinkPHP\Common\functions.php 第 1263 行.
NOTIC: [8] Undefined variable: article E:\www\shopadmin.com\Application\Admin\Controller\ArticleController.class.php 第 89 行.

[ 2016-11-08T00:18:44+08:00 ] 127.0.0.1 /Admin/Article/edit/id/2.html
INFO: [ app_init ] --START--
INFO: Run Behavior\BuildLiteBehavior [ RunTime:0.000014s ]
INFO: [ app_init ] --END-- [ RunTime:0.000372s ]
INFO: [ app_begin ] --START--
INFO: Run Behavior\ReadHtmlCacheBehavior [ RunTime:0.000618s ]
INFO: [ app_begin ] --END-- [ RunTime:0.000692s ]
NOTIC: [2] session_start(): open(E/session\1\sess_1vq3vhcqhr1fvr8t2rqs2brrb6, O_RDWR) failed: No such file or directory (2) E:\www\shopadmin.com\ThinkPHP\Common\functions.php 第 1263 行.
NOTIC: [8] Undefined variable: article E:\www\shopadmin.com\Application\Admin\Controller\ArticleController.class.php 第 89 行.

[ 2016-11-08T00:18:45+08:00 ] 127.0.0.1 /Admin/Article/edit/id/2.html
INFO: [ app_init ] --START--
INFO: Run Behavior\BuildLiteBehavior [ RunTime:0.000016s ]
INFO: [ app_init ] --END-- [ RunTime:0.000411s ]
INFO: [ app_begin ] --START--
INFO: Run Behavior\ReadHtmlCacheBehavior [ RunTime:0.000709s ]
INFO: [ app_begin ] --END-- [ RunTime:0.000848s ]
NOTIC: [2] session_start(): open(E/session\1\sess_1vq3vhcqhr1fvr8t2rqs2brrb6, O_RDWR) failed: No such file or directory (2) E:\www\shopadmin.com\ThinkPHP\Common\functions.php 第 1263 行.
NOTIC: [8] Undefined variable: article E:\www\shopadmin.com\Application\Admin\Controller\ArticleController.class.php 第 89 行.

[ 2016-11-08T00:20:07+08:00 ] 127.0.0.1 /Admin/Article/edit/id/2.html
INFO: [ app_init ] --START--
INFO: Run Behavior\BuildLiteBehavior [ RunTime:0.000037s ]
INFO: [ app_init ] --END-- [ RunTime:0.000400s ]
INFO: [ app_begin ] --START--
INFO: Run Behavior\ReadHtmlCacheBehavior [ RunTime:0.000460s ]
INFO: [ app_begin ] --END-- [ RunTime:0.000514s ]
NOTIC: [2] session_start(): open(E/session\1\sess_1vq3vhcqhr1fvr8t2rqs2brrb6, O_RDWR) failed: No such file or directory (2) E:\www\shopadmin.com\ThinkPHP\Common\functions.php 第 1263 行.
SQL: SHOW COLUMNS FROM `shop_article` [ RunTime:0.0161s ]
SQL: SELECT * FROM `shop_article` INNER JOIN shop_article_content as dq on dq.article_id=shop_article.id  WHERE `id` = '2' LIMIT 1   [ RunTime:0.0005s ]
SQL: SHOW COLUMNS FROM `shop_article_category` [ RunTime:0.0111s ]
SQL: SELECT `id`,`name` FROM `shop_article_category`  [ RunTime:0.0003s ]
ERR: 模板不存在:./Application/Admin/View/Article/edit.html

[ 2016-11-08T00:21:41+08:00 ] 127.0.0.1 /Admin/Article/edit/id/2.html
INFO: [ app_init ] --START--
INFO: Run Behavior\BuildLiteBehavior [ RunTime:0.000013s ]
INFO: [ app_init ] --END-- [ RunTime:0.000441s ]
INFO: [ app_begin ] --START--
INFO: Run Behavior\ReadHtmlCacheBehavior [ RunTime:0.000662s ]
INFO: [ app_begin ] --END-- [ RunTime:0.000737s ]
NOTIC: [2] session_start(): open(E/session\1\sess_1vq3vhcqhr1fvr8t2rqs2brrb6, O_RDWR) failed: No such file or directory (2) E:\www\shopadmin.com\ThinkPHP\Common\functions.php 第 1263 行.
SQL: SHOW COLUMNS FROM `shop_article` [ RunTime:0.0147s ]
SQL: SELECT * FROM `shop_article` INNER JOIN shop_article_content as dq on dq.article_id=shop_article.id  WHERE `id` = '2' LIMIT 1   [ RunTime:0.0004s ]
SQL: SHOW COLUMNS FROM `shop_article_category` [ RunTime:0.0111s ]
SQL: SELECT `id`,`name` FROM `shop_article_category`  [ RunTime:0.1360s ]
INFO: [ view_parse ] --START--
INFO: [ template_filter ] --START--
INFO: Run Behavior\ContentReplaceBehavior [ RunTime:0.000158s ]
INFO: [ template_filter ] --END-- [ RunTime:0.000300s ]
INFO: Run Behavior\ParseTemplateBehavior [ RunTime:0.095253s ]
INFO: [ view_parse ] --END-- [ RunTime:0.095350s ]
INFO: [ view_filter ] --START--
INFO: Run Behavior\WriteHtmlCacheBehavior [ RunTime:0.000313s ]
INFO: [ view_filter ] --END-- [ RunTime:0.000350s ]
INFO: [ app_end ] --START--
INFO: Run Behavior\ShowPageTraceBehavior [ RunTime:0.000565s ]
INFO: [ app_end ] --END-- [ RunTime:0.000604s ]

[ 2016-11-08T00:22:16+08:00 ] 127.0.0.1 /Admin/Article/edit/id/2.html
INFO: [ app_init ] --START--
INFO: Run Behavior\BuildLiteBehavior [ RunTime:0.000016s ]
INFO: [ app_init ] --END-- [ RunTime:0.000430s ]
INFO: [ app_begin ] --START--
INFO: Run Behavior\ReadHtmlCacheBehavior [ RunTime:0.000793s ]
INFO: [ app_begin ] --END-- [ RunTime:0.000862s ]
NOTIC: [2] session_start(): open(E/session\1\sess_1vq3vhcqhr1fvr8t2rqs2brrb6, O_RDWR) failed: No such file or directory (2) E:\www\shopadmin.com\ThinkPHP\Common\functions.php 第 1263 行.
SQL: SHOW COLUMNS FROM `shop_article` [ RunTime:0.0151s ]
SQL: SELECT * FROM `shop_article` INNER JOIN shop_article_content as dq on dq.article_id=shop_article.id  WHERE `id` = '2' LIMIT 1   [ RunTime:0.0005s ]
SQL: SHOW COLUMNS FROM `shop_article_category` [ RunTime:0.0113s ]
SQL: SELECT `id`,`name` FROM `shop_article_category`  [ RunTime:0.0004s ]
INFO: [ view_parse ] --START--
INFO: [ template_filter ] --START--
INFO: Run Behavior\ContentReplaceBehavior [ RunTime:0.000072s ]
INFO: [ template_filter ] --END-- [ RunTime:0.000127s ]
INFO: Run Behavior\ParseTemplateBehavior [ RunTime:0.034161s ]
INFO: [ view_parse ] --END-- [ RunTime:0.034244s ]
INFO: [ view_filter ] --START--
INFO: Run Behavior\WriteHtmlCacheBehavior [ RunTime:0.000427s ]
INFO: [ view_filter ] --END-- [ RunTime:0.000489s ]
INFO: [ app_end ] --START--
INFO: Run Behavior\ShowPageTraceBehavior [ RunTime:0.000887s ]
INFO: [ app_end ] --END-- [ RunTime:0.000939s ]

[ 2016-11-08T00:22:20+08:00 ] 127.0.0.1 /Admin/Article/add.html
INFO: [ app_init ] --START--
INFO: Run Behavior\BuildLiteBehavior [ RunTime:0.000015s ]
INFO: [ app_init ] --END-- [ RunTime:0.000367s ]
INFO: [ app_begin ] --START--
INFO: Run Behavior\ReadHtmlCacheBehavior [ RunTime:0.000476s ]
INFO: [ app_begin ] --END-- [ RunTime:0.000562s ]
NOTIC: [2] session_start(): open(E/session\1\sess_1vq3vhcqhr1fvr8t2rqs2brrb6, O_RDWR) failed: No such file or directory (2) E:\www\shopadmin.com\ThinkPHP\Common\functions.php 第 1263 行.
SQL: SHOW COLUMNS FROM `shop_article` [ RunTime:0.0155s ]
NOTIC: [8] Undefined index: validate E:\www\shopadmin.com\ThinkPHP\Library\Think\Model.class.php 第 1185 行.
NOTIC: [8] Undefined index: auto E:\www\shopadmin.com\ThinkPHP\Library\Think\Model.class.php 第 1128 行.
ERR: 1062:Duplicate entry '2' for key 'PRIMARY'
 [ SQL语句 ] : INSERT INTO `shop_article` (`name`,`article_category_id`,`intro`,`sort`,`status`,`id`) VALUES ('楚汉传奇','2','刘邦和项羽之间的江山之争相当精彩的对决','20','1','2')
ERR: 1062:Duplicate entry '2' for key 'PRIMARY'
 [ SQL语句 ] : INSERT INTO `shop_article` (`name`,`article_category_id`,`intro`,`sort`,`status`,`id`) VALUES ('楚汉传奇','2','刘邦和项羽之间的江山之争相当精彩的对决','20','1','2')

[ 2016-11-08T00:23:36+08:00 ] 127.0.0.1 /Admin/Article/index
INFO: [ app_init ] --START--
INFO: Run Behavior\BuildLiteBehavior [ RunTime:0.000027s ]
INFO: [ app_init ] --END-- [ RunTime:0.000750s ]
INFO: [ app_begin ] --START--
INFO: Run Behavior\ReadHtmlCacheBehavior [ RunTime:0.000764s ]
INFO: [ app_begin ] --END-- [ RunTime:0.000855s ]
NOTIC: [2] session_start(): open(E/session\v\sess_vpst9n6qtjaa4sisjqpi0a65g7, O_RDWR) failed: No such file or directory (2) E:\www\shopadmin.com\ThinkPHP\Common\functions.php 第 1263 行.
SQL: SHOW COLUMNS FROM `shop_article` [ RunTime:0.0187s ]
SQL: SELECT COUNT(*) AS tp_count FROM `shop_article` WHERE `status` <> -1 LIMIT 1   [ RunTime:0.0006s ]
SQL: SELECT * FROM `shop_article` WHERE `status` <> -1 ORDER BY sort LIMIT 0,2   [ RunTime:0.0005s ]
SQL: SELECT COUNT(*) AS tp_count FROM `shop_article` WHERE `status` <> -1 LIMIT 1   [ RunTime:0.0003s ]
SQL: SELECT * FROM `shop_article` WHERE `status` <> -1 ORDER BY sort LIMIT 0,2   [ RunTime:0.0004s ]
SQL: SHOW COLUMNS FROM `shop_article_category` [ RunTime:0.0167s ]
SQL: SELECT `id`,`name` FROM `shop_article_category`  [ RunTime:0.0003s ]
INFO: [ view_parse ] --START--
INFO: [ template_filter ] --START--
INFO: Run Behavior\ContentReplaceBehavior [ RunTime:0.000100s ]
INFO: [ template_filter ] --END-- [ RunTime:0.000183s ]
INFO: Run Behavior\ParseTemplateBehavior [ RunTime:0.009929s ]
INFO: [ view_parse ] --END-- [ RunTime:0.010017s ]
INFO: [ view_filter ] --START--
INFO: Run Behavior\WriteHtmlCacheBehavior [ RunTime:0.000325s ]
INFO: [ view_filter ] --END-- [ RunTime:0.000376s ]
INFO: [ app_end ] --START--
INFO: Run Behavior\ShowPageTraceBehavior [ RunTime:0.000566s ]
INFO: [ app_end ] --END-- [ RunTime:0.000606s ]

[ 2016-11-08T00:23:37+08:00 ] 127.0.0.1 /Admin/Article/index
INFO: [ app_init ] --START--
INFO: Run Behavior\BuildLiteBehavior [ RunTime:0.000013s ]
INFO: [ app_init ] --END-- [ RunTime:0.000323s ]
INFO: [ app_begin ] --START--
INFO: Run Behavior\ReadHtmlCacheBehavior [ RunTime:0.000683s ]
INFO: [ app_begin ] --END-- [ RunTime:0.000769s ]
NOTIC: [2] session_start(): open(E/session\v\sess_vpst9n6qtjaa4sisjqpi0a65g7, O_RDWR) failed: No such file or directory (2) E:\www\shopadmin.com\ThinkPHP\Common\functions.php 第 1263 行.
SQL: SHOW COLUMNS FROM `shop_article` [ RunTime:0.0303s ]
SQL: SELECT COUNT(*) AS tp_count FROM `shop_article` WHERE `status` <> -1 LIMIT 1   [ RunTime:0.0005s ]
SQL: SELECT * FROM `shop_article` WHERE `status` <> -1 ORDER BY sort LIMIT 0,2   [ RunTime:0.0006s ]
SQL: SELECT COUNT(*) AS tp_count FROM `shop_article` WHERE `status` <> -1 LIMIT 1   [ RunTime:0.0004s ]
SQL: SELECT * FROM `shop_article` WHERE `status` <> -1 ORDER BY sort LIMIT 0,2   [ RunTime:0.0181s ]
SQL: SHOW COLUMNS FROM `shop_article_category` [ RunTime:0.0212s ]
SQL: SELECT `id`,`name` FROM `shop_article_category`  [ RunTime:0.0004s ]
INFO: [ view_parse ] --START--
INFO: [ template_filter ] --START--
INFO: Run Behavior\ContentReplaceBehavior [ RunTime:0.000064s ]
INFO: [ template_filter ] --END-- [ RunTime:0.000132s ]
INFO: Run Behavior\ParseTemplateBehavior [ RunTime:0.008860s ]
INFO: [ view_parse ] --END-- [ RunTime:0.008954s ]
INFO: [ view_filter ] --START--
INFO: Run Behavior\WriteHtmlCacheBehavior [ RunTime:0.000360s ]
INFO: [ view_filter ] --END-- [ RunTime:0.000425s ]
INFO: [ app_end ] --START--
INFO: Run Behavior\ShowPageTraceBehavior [ RunTime:0.000915s ]
INFO: [ app_end ] --END-- [ RunTime:0.000980s ]

[ 2016-11-08T00:23:37+08:00 ] 127.0.0.1 /Admin/Article/
INFO: [ app_init ] --START--
INFO: Run Behavior\BuildLiteBehavior [ RunTime:0.000012s ]
INFO: [ app_init ] --END-- [ RunTime:0.000358s ]
INFO: [ app_begin ] --START--
INFO: Run Behavior\ReadHtmlCacheBehavior [ RunTime:0.000978s ]
INFO: [ app_begin ] --END-- [ RunTime:0.001096s ]
NOTIC: [2] session_start(): open(E/session\v\sess_vpst9n6qtjaa4sisjqpi0a65g7, O_RDWR) failed: No such file or directory (2) E:\www\shopadmin.com\ThinkPHP\Common\functions.php 第 1263 行.
SQL: SHOW COLUMNS FROM `shop_article` [ RunTime:0.0301s ]
SQL: SELECT COUNT(*) AS tp_count FROM `shop_article` WHERE `status` <> -1 LIMIT 1   [ RunTime:0.0003s ]
SQL: SELECT * FROM `shop_article` WHERE `status` <> -1 ORDER BY sort LIMIT 0,2   [ RunTime:0.0004s ]
SQL: SELECT COUNT(*) AS tp_count FROM `shop_article` WHERE `status` <> -1 LIMIT 1   [ RunTime:0.0003s ]
SQL: SELECT * FROM `shop_article` WHERE `status` <> -1 ORDER BY sort LIMIT 0,2   [ RunTime:0.0003s ]
SQL: SHOW COLUMNS FROM `shop_article_category` [ RunTime:0.0283s ]
SQL: SELECT `id`,`name` FROM `shop_article_category`  [ RunTime:0.0004s ]
INFO: [ view_parse ] --START--
INFO: [ template_filter ] --START--
INFO: Run Behavior\ContentReplaceBehavior [ RunTime:0.000111s ]
INFO: [ template_filter ] --END-- [ RunTime:0.000211s ]
INFO: Run Behavior\ParseTemplateBehavior [ RunTime:0.011570s ]
INFO: [ view_parse ] --END-- [ RunTime:0.011667s ]
INFO: [ view_filter ] --START--
INFO: Run Behavior\WriteHtmlCacheBehavior [ RunTime:0.000533s ]
INFO: [ view_filter ] --END-- [ RunTime:0.000606s ]
INFO: [ app_end ] --START--
INFO: Run Behavior\ShowPageTraceBehavior [ RunTime:0.000827s ]
INFO: [ app_end ] --END-- [ RunTime:0.000892s ]

[ 2016-11-08T00:23:37+08:00 ] 127.0.0.1 /Admin/Article/index
INFO: [ app_init ] --START--
INFO: Run Behavior\BuildLiteBehavior [ RunTime:0.000023s ]
INFO: [ app_init ] --END-- [ RunTime:0.000510s ]
INFO: [ app_begin ] --START--
INFO: Run Behavior\ReadHtmlCacheBehavior [ RunTime:0.000652s ]
INFO: [ app_begin ] --END-- [ RunTime:0.000743s ]
NOTIC: [2] session_start(): open(E/session\v\sess_vpst9n6qtjaa4sisjqpi0a65g7, O_RDWR) failed: No such file or directory (2) E:\www\shopadmin.com\ThinkPHP\Common\functions.php 第 1263 行.
SQL: SHOW COLUMNS FROM `shop_article` [ RunTime:0.0214s ]
SQL: SELECT COUNT(*) AS tp_count FROM `shop_article` WHERE `status` <> -1 LIMIT 1   [ RunTime:0.0005s ]
SQL: SELECT * FROM `shop_article` WHERE `status` <> -1 ORDER BY sort LIMIT 0,2   [ RunTime:0.0004s ]
SQL: SELECT COUNT(*) AS tp_count FROM `shop_article` WHERE `status` <> -1 LIMIT 1   [ RunTime:0.0003s ]
SQL: SELECT * FROM `shop_article` WHERE `status` <> -1 ORDER BY sort LIMIT 0,2   [ RunTime:0.0004s ]
SQL: SHOW COLUMNS FROM `shop_article_category` [ RunTime:0.0504s ]
SQL: SELECT `id`,`name` FROM `shop_article_category`  [ RunTime:0.0004s ]
INFO: [ view_parse ] --START--
INFO: [ template_filter ] --START--
INFO: Run Behavior\ContentReplaceBehavior [ RunTime:0.000108s ]
INFO: [ template_filter ] --END-- [ RunTime:0.000206s ]
INFO: Run Behavior\ParseTemplateBehavior [ RunTime:0.012629s ]
INFO: [ view_parse ] --END-- [ RunTime:0.012706s ]
INFO: [ view_filter ] --START--
INFO: Run Behavior\WriteHtmlCacheBehavior [ RunTime:0.000257s ]
INFO: [ view_filter ] --END-- [ RunTime:0.000296s ]
INFO: [ app_end ] --START--
INFO: Run Behavior\ShowPageTraceBehavior [ RunTime:0.000573s ]
INFO: [ app_end ] --END-- [ RunTime:0.000616s ]

[ 2016-11-08T00:23:38+08:00 ] 127.0.0.1 /Admin/Article/
INFO: [ app_init ] --START--
INFO: Run Behavior\BuildLiteBehavior [ RunTime:0.000015s ]
INFO: [ app_init ] --END-- [ RunTime:0.000360s ]
INFO: [ app_begin ] --START--
INFO: Run Behavior\ReadHtmlCacheBehavior [ RunTime:0.000453s ]
INFO: [ app_begin ] --END-- [ RunTime:0.000510s ]
NOTIC: [2] session_start(): open(E/session\1\sess_1vq3vhcqhr1fvr8t2rqs2brrb6, O_RDWR) failed: No such file or directory (2) E:\www\shopadmin.com\ThinkPHP\Common\functions.php 第 1263 行.
SQL: SHOW COLUMNS FROM `shop_article` [ RunTime:0.0152s ]
SQL: SELECT COUNT(*) AS tp_count FROM `shop_article` WHERE `status` <> -1 LIMIT 1   [ RunTime:0.0004s ]
SQL: SELECT * FROM `shop_article` WHERE `status` <> -1 ORDER BY sort LIMIT 0,2   [ RunTime:0.0004s ]
SQL: SELECT COUNT(*) AS tp_count FROM `shop_article` WHERE `status` <> -1 LIMIT 1   [ RunTime:0.0003s ]
SQL: SELECT * FROM `shop_article` WHERE `status` <> -1 ORDER BY sort LIMIT 0,2   [ RunTime:0.0004s ]
SQL: SHOW COLUMNS FROM `shop_article_category` [ RunTime:0.0892s ]
SQL: SELECT `id`,`name` FROM `shop_article_category`  [ RunTime:0.0003s ]
INFO: [ view_parse ] --START--
INFO: [ template_filter ] --START--
INFO: Run Behavior\ContentReplaceBehavior [ RunTime:0.000058s ]
INFO: [ template_filter ] --END-- [ RunTime:0.000107s ]
INFO: Run Behavior\ParseTemplateBehavior [ RunTime:0.007172s ]
INFO: [ view_parse ] --END-- [ RunTime:0.007231s ]
INFO: [ view_filter ] --START--
INFO: Run Behavior\WriteHtmlCacheBehavior [ RunTime:0.000226s ]
INFO: [ view_filter ] --END-- [ RunTime:0.000263s ]
INFO: [ app_end ] --START--
INFO: Run Behavior\ShowPageTraceBehavior [ RunTime:0.000538s ]
INFO: [ app_end ] --END-- [ RunTime:0.000605s ]

[ 2016-11-08T00:23:42+08:00 ] 127.0.0.1 /Admin/Article/edit/id/2.html
INFO: [ app_init ] --START--
INFO: Run Behavior\BuildLiteBehavior [ RunTime:0.000012s ]
INFO: [ app_init ] --END-- [ RunTime:0.000327s ]
INFO: [ app_begin ] --START--
INFO: Run Behavior\ReadHtmlCacheBehavior [ RunTime:0.000500s ]
INFO: [ app_begin ] --END-- [ RunTime:0.000554s ]
NOTIC: [2] session_start(): open(E/session\1\sess_1vq3vhcqhr1fvr8t2rqs2brrb6, O_RDWR) failed: No such file or directory (2) E:\www\shopadmin.com\ThinkPHP\Common\functions.php 第 1263 行.
SQL: SHOW COLUMNS FROM `shop_article` [ RunTime:0.0144s ]
SQL: SELECT * FROM `shop_article` INNER JOIN shop_article_content as dq on dq.article_id=shop_article.id  WHERE `id` = '2' LIMIT 1   [ RunTime:0.0004s ]
SQL: SHOW COLUMNS FROM `shop_article_category` [ RunTime:0.0111s ]
SQL: SELECT `id`,`name` FROM `shop_article_category`  [ RunTime:0.0003s ]
INFO: [ view_parse ] --START--
INFO: [ template_filter ] --START--
INFO: Run Behavior\ContentReplaceBehavior [ RunTime:0.000068s ]
INFO: [ template_filter ] --END-- [ RunTime:0.000114s ]
INFO: Run Behavior\ParseTemplateBehavior [ RunTime:0.033798s ]
INFO: [ view_parse ] --END-- [ RunTime:0.033856s ]
INFO: [ view_filter ] --START--
INFO: Run Behavior\WriteHtmlCacheBehavior [ RunTime:0.000320s ]
INFO: [ view_filter ] --END-- [ RunTime:0.000357s ]
INFO: [ app_end ] --START--
INFO: Run Behavior\ShowPageTraceBehavior [ RunTime:0.000546s ]
INFO: [ app_end ] --END-- [ RunTime:0.000585s ]

[ 2016-11-08T00:23:44+08:00 ] 127.0.0.1 /Admin/Article/add.html
INFO: [ app_init ] --START--
INFO: Run Behavior\BuildLiteBehavior [ RunTime:0.000015s ]
INFO: [ app_init ] --END-- [ RunTime:0.000408s ]
INFO: [ app_begin ] --START--
INFO: Run Behavior\ReadHtmlCacheBehavior [ RunTime:0.000562s ]
INFO: [ app_begin ] --END-- [ RunTime:0.000619s ]
NOTIC: [2] session_start(): open(E/session\1\sess_1vq3vhcqhr1fvr8t2rqs2brrb6, O_RDWR) failed: No such file or directory (2) E:\www\shopadmin.com\ThinkPHP\Common\functions.php 第 1263 行.
SQL: SHOW COLUMNS FROM `shop_article` [ RunTime:0.0142s ]
NOTIC: [8] Undefined index: validate E:\www\shopadmin.com\ThinkPHP\Library\Think\Model.class.php 第 1185 行.
NOTIC: [8] Undefined index: auto E:\www\shopadmin.com\ThinkPHP\Library\Think\Model.class.php 第 1128 行.
SQL: INSERT INTO `shop_article` (`name`,`article_category_id`,`intro`,`sort`,`status`) VALUES ('楚汉传奇','2','刘邦和项羽之间的江山之争相当精彩的对决','20','1') [ RunTime:0.0305s ]
SQL: SHOW COLUMNS FROM `shop_article_content` [ RunTime:0.0377s ]
SQL: INSERT INTO `shop_article_content` (`article_id`,`content`) VALUES ('9','项羽出身贵族世家，天赋异禀，目有双瞳，豪气干云，力能举鼎，二十出头，举世无伦的大英雄。刘邦年逾四十，集“草根”与“光棍”于一身，整日游手好..') [ RunTime:0.0147s ]
INFO: [ view_parse ] --START--
INFO: [ template_filter ] --START--
INFO: Run Behavior\ContentReplaceBehavior [ RunTime:0.000070s ]
INFO: [ template_filter ] --END-- [ RunTime:0.000139s ]
INFO: Run Behavior\ParseTemplateBehavior [ RunTime:0.104195s ]
INFO: [ view_parse ] --END-- [ RunTime:0.104270s ]
INFO: [ view_filter ] --START--
INFO: Run Behavior\WriteHtmlCacheBehavior [ RunTime:0.000303s ]
INFO: [ view_filter ] --END-- [ RunTime:0.000350s ]
INFO: [ app_end ] --START--
INFO: Run Behavior\ShowPageTraceBehavior [ RunTime:0.000727s ]
INFO: [ app_end ] --END-- [ RunTime:0.000771s ]

[ 2016-11-08T00:23:45+08:00 ] 127.0.0.1 /Admin/Article/index.html
INFO: [ app_init ] --START--
INFO: Run Behavior\BuildLiteBehavior [ RunTime:0.000032s ]
INFO: [ app_init ] --END-- [ RunTime:0.001024s ]
INFO: [ app_begin ] --START--
INFO: Run Behavior\ReadHtmlCacheBehavior [ RunTime:0.001303s ]
INFO: [ app_begin ] --END-- [ RunTime:0.001432s ]
NOTIC: [2] session_start(): open(E/session\1\sess_1vq3vhcqhr1fvr8t2rqs2brrb6, O_RDWR) failed: No such file or directory (2) E:\www\shopadmin.com\ThinkPHP\Common\functions.php 第 1263 行.
SQL: SHOW COLUMNS FROM `shop_article` [ RunTime:0.0177s ]
SQL: SELECT COUNT(*) AS tp_count FROM `shop_article` WHERE `status` <> -1 LIMIT 1   [ RunTime:0.0004s ]
SQL: SELECT * FROM `shop_article` WHERE `status` <> -1 ORDER BY sort LIMIT 0,2   [ RunTime:0.0005s ]
SQL: SELECT COUNT(*) AS tp_count FROM `shop_article` WHERE `status` <> -1 LIMIT 1   [ RunTime:0.0003s ]
SQL: SELECT * FROM `shop_article` WHERE `status` <> -1 ORDER BY sort LIMIT 0,2   [ RunTime:0.0005s ]
SQL: SHOW COLUMNS FROM `shop_article_category` [ RunTime:0.0130s ]
SQL: SELECT `id`,`name` FROM `shop_article_category`  [ RunTime:0.0005s ]
INFO: [ view_parse ] --START--
INFO: [ template_filter ] --START--
INFO: Run Behavior\ContentReplaceBehavior [ RunTime:0.000116s ]
INFO: [ template_filter ] --END-- [ RunTime:0.000219s ]
INFO: Run Behavior\ParseTemplateBehavior [ RunTime:0.009680s ]
INFO: [ view_parse ] --END-- [ RunTime:0.009756s ]
INFO: [ view_filter ] --START--
INFO: Run Behavior\WriteHtmlCacheBehavior [ RunTime:0.000288s ]
INFO: [ view_filter ] --END-- [ RunTime:0.000335s ]
INFO: [ app_end ] --START--
INFO: Run Behavior\ShowPageTraceBehavior [ RunTime:0.000684s ]
INFO: [ app_end ] --END-- [ RunTime:0.000734s ]

[ 2016-11-08T00:23:53+08:00 ] 127.0.0.1 /Admin/Article/edit/id/2.html
INFO: [ app_init ] --START--
INFO: Run Behavior\BuildLiteBehavior [ RunTime:0.000014s ]
INFO: [ app_init ] --END-- [ RunTime:0.000357s ]
INFO: [ app_begin ] --START--
INFO: Run Behavior\ReadHtmlCacheBehavior [ RunTime:0.000453s ]
INFO: [ app_begin ] --END-- [ RunTime:0.000507s ]
NOTIC: [2] session_start(): open(E/session\1\sess_1vq3vhcqhr1fvr8t2rqs2brrb6, O_RDWR) failed: No such file or directory (2) E:\www\shopadmin.com\ThinkPHP\Common\functions.php 第 1263 行.
SQL: SHOW COLUMNS FROM `shop_article` [ RunTime:0.0154s ]
SQL: SELECT * FROM `shop_article` INNER JOIN shop_article_content as dq on dq.article_id=shop_article.id  WHERE `id` = '2' LIMIT 1   [ RunTime:0.0005s ]
SQL: SHOW COLUMNS FROM `shop_article_category` [ RunTime:0.0107s ]
SQL: SELECT `id`,`name` FROM `shop_article_category`  [ RunTime:0.0004s ]
INFO: [ view_parse ] --START--
INFO: [ template_filter ] --START--
INFO: Run Behavior\ContentReplaceBehavior [ RunTime:0.000071s ]
INFO: [ template_filter ] --END-- [ RunTime:0.000124s ]
INFO: Run Behavior\ParseTemplateBehavior [ RunTime:0.008030s ]
INFO: [ view_parse ] --END-- [ RunTime:0.008108s ]
INFO: [ view_filter ] --START--
INFO: Run Behavior\WriteHtmlCacheBehavior [ RunTime:0.000224s ]
INFO: [ view_filter ] --END-- [ RunTime:0.000260s ]
INFO: [ app_end ] --START--
INFO: Run Behavior\ShowPageTraceBehavior [ RunTime:0.000547s ]
INFO: [ app_end ] --END-- [ RunTime:0.000587s ]

[ 2016-11-08T00:23:59+08:00 ] 127.0.0.1 /Admin/Article/add.html
INFO: [ app_init ] --START--
INFO: Run Behavior\BuildLiteBehavior [ RunTime:0.000014s ]
INFO: [ app_init ] --END-- [ RunTime:0.000351s ]
INFO: [ app_begin ] --START--
INFO: Run Behavior\ReadHtmlCacheBehavior [ RunTime:0.000446s ]
INFO: [ app_begin ] --END-- [ RunTime:0.000500s ]
NOTIC: [2] session_start(): open(E/session\1\sess_1vq3vhcqhr1fvr8t2rqs2brrb6, O_RDWR) failed: No such file or directory (2) E:\www\shopadmin.com\ThinkPHP\Common\functions.php 第 1263 行.
SQL: SHOW COLUMNS FROM `shop_article` [ RunTime:0.0165s ]
NOTIC: [8] Undefined index: validate E:\www\shopadmin.com\ThinkPHP\Library\Think\Model.class.php 第 1185 行.
NOTIC: [8] Undefined index: auto E:\www\shopadmin.com\ThinkPHP\Library\Think\Model.class.php 第 1128 行.
SQL: INSERT INTO `shop_article` (`name`,`article_category_id`,`intro`,`sort`,`status`) VALUES ('楚汉传奇','2','刘邦和项羽之间的江山之争相当精彩的对决1212121','20','1') [ RunTime:0.0004s ]
SQL: SHOW COLUMNS FROM `shop_article_content` [ RunTime:0.0124s ]
SQL: INSERT INTO `shop_article_content` (`article_id`,`content`) VALUES ('10','项羽出身贵族世家，天赋异禀，目有双瞳，豪气干云，力能举鼎，二十出头，举世无伦的大英雄。刘邦年逾四十，集“草根”与“光棍”于一身，整日游手好..') [ RunTime:0.0003s ]
INFO: [ view_parse ] --START--
INFO: [ template_filter ] --START--
INFO: Run Behavior\ContentReplaceBehavior [ RunTime:0.000059s ]
INFO: [ template_filter ] --END-- [ RunTime:0.000133s ]
INFO: Run Behavior\ParseTemplateBehavior [ RunTime:0.006616s ]
INFO: [ view_parse ] --END-- [ RunTime:0.006686s ]
INFO: [ view_filter ] --START--
INFO: Run Behavior\WriteHtmlCacheBehavior [ RunTime:0.000249s ]
INFO: [ view_filter ] --END-- [ RunTime:0.000294s ]
INFO: [ app_end ] --START--
INFO: Run Behavior\ShowPageTraceBehavior [ RunTime:0.000602s ]
INFO: [ app_end ] --END-- [ RunTime:0.000648s ]

[ 2016-11-08T00:24:00+08:00 ] 127.0.0.1 /Admin/Article/index.html
INFO: [ app_init ] --START--
INFO: Run Behavior\BuildLiteBehavior [ RunTime:0.000034s ]
INFO: [ app_init ] --END-- [ RunTime:0.001690s ]
INFO: [ app_begin ] --START--
INFO: Run Behavior\ReadHtmlCacheBehavior [ RunTime:0.000425s ]
INFO: [ app_begin ] --END-- [ RunTime:0.000472s ]
NOTIC: [2] session_start(): open(E/session\1\sess_1vq3vhcqhr1fvr8t2rqs2brrb6, O_RDWR) failed: No such file or directory (2) E:\www\shopadmin.com\ThinkPHP\Common\functions.php 第 1263 行.
SQL: SHOW COLUMNS FROM `shop_article` [ RunTime:0.0148s ]
SQL: SELECT COUNT(*) AS tp_count FROM `shop_article` WHERE `status` <> -1 LIMIT 1   [ RunTime:0.0003s ]
SQL: SELECT * FROM `shop_article` WHERE `status` <> -1 ORDER BY sort LIMIT 0,2   [ RunTime:0.0004s ]
SQL: SELECT COUNT(*) AS tp_count FROM `shop_article` WHERE `status` <> -1 LIMIT 1   [ RunTime:0.0003s ]
SQL: SELECT * FROM `shop_article` WHERE `status` <> -1 ORDER BY sort LIMIT 0,2   [ RunTime:0.0004s ]
SQL: SHOW COLUMNS FROM `shop_article_category` [ RunTime:0.0107s ]
SQL: SELECT `id`,`name` FROM `shop_article_category`  [ RunTime:0.0003s ]
INFO: [ view_parse ] --START--
INFO: [ template_filter ] --START--
INFO: Run Behavior\ContentReplaceBehavior [ RunTime:0.000059s ]
INFO: [ template_filter ] --END-- [ RunTime:0.000106s ]
INFO: Run Behavior\ParseTemplateBehavior [ RunTime:0.007563s ]
INFO: [ view_parse ] --END-- [ RunTime:0.007619s ]
INFO: [ view_filter ] --START--
INFO: Run Behavior\WriteHtmlCacheBehavior [ RunTime:0.000210s ]
INFO: [ view_filter ] --END-- [ RunTime:0.000254s ]
INFO: [ app_end ] --START--
INFO: Run Behavior\ShowPageTraceBehavior [ RunTime:0.000508s ]
INFO: [ app_end ] --END-- [ RunTime:0.000544s ]

[ 2016-11-08T00:25:38+08:00 ] 127.0.0.1 /Admin/Article/edit/id/2.html
INFO: [ app_init ] --START--
INFO: Run Behavior\BuildLiteBehavior [ RunTime:0.000015s ]
INFO: [ app_init ] --END-- [ RunTime:0.000333s ]
INFO: [ app_begin ] --START--
INFO: Run Behavior\ReadHtmlCacheBehavior [ RunTime:0.000445s ]
INFO: [ app_begin ] --END-- [ RunTime:0.000501s ]
NOTIC: [2] session_start(): open(E/session\v\sess_vpst9n6qtjaa4sisjqpi0a65g7, O_RDWR) failed: No such file or directory (2) E:\www\shopadmin.com\ThinkPHP\Common\functions.php 第 1263 行.
SQL: SHOW COLUMNS FROM `shop_article` [ RunTime:0.0161s ]
SQL: SELECT * FROM `shop_article` INNER JOIN shop_article_content as dq on dq.article_id=shop_article.id  WHERE `id` = '2' LIMIT 1   [ RunTime:0.0004s ]
SQL: SHOW COLUMNS FROM `shop_article_category` [ RunTime:0.0121s ]
SQL: SELECT `id`,`name` FROM `shop_article_category`  [ RunTime:0.0003s ]
INFO: [ view_parse ] --START--
INFO: [ template_filter ] --START--
INFO: Run Behavior\ContentReplaceBehavior [ RunTime:0.000071s ]
INFO: [ template_filter ] --END-- [ RunTime:0.000122s ]
INFO: Run Behavior\ParseTemplateBehavior [ RunTime:0.037642s ]
INFO: [ view_parse ] --END-- [ RunTime:0.037709s ]
INFO: [ view_filter ] --START--
INFO: Run Behavior\WriteHtmlCacheBehavior [ RunTime:0.000227s ]
INFO: [ view_filter ] --END-- [ RunTime:0.000263s ]
INFO: [ app_end ] --START--
INFO: Run Behavior\ShowPageTraceBehavior [ RunTime:0.000516s ]
INFO: [ app_end ] --END-- [ RunTime:0.000558s ]

[ 2016-11-08T00:25:44+08:00 ] 127.0.0.1 /Admin/Article/edit.html
INFO: [ app_init ] --START--
INFO: Run Behavior\BuildLiteBehavior [ RunTime:0.000013s ]
INFO: [ app_init ] --END-- [ RunTime:0.000432s ]
INFO: [ app_begin ] --START--
INFO: Run Behavior\ReadHtmlCacheBehavior [ RunTime:0.001608s ]
INFO: [ app_begin ] --END-- [ RunTime:0.001778s ]
NOTIC: [2] session_start(): open(E/session\v\sess_vpst9n6qtjaa4sisjqpi0a65g7, O_RDWR) failed: No such file or directory (2) E:\www\shopadmin.com\ThinkPHP\Common\functions.php 第 1263 行.
ERR: 参数错误或者未定义:id

[ 2016-11-08T00:26:15+08:00 ] 127.0.0.1 /Admin/Article/edit.html
INFO: [ app_init ] --START--
INFO: Run Behavior\BuildLiteBehavior [ RunTime:0.000011s ]
INFO: [ app_init ] --END-- [ RunTime:0.000339s ]
INFO: [ app_begin ] --START--
INFO: Run Behavior\ReadHtmlCacheBehavior [ RunTime:0.000528s ]
INFO: [ app_begin ] --END-- [ RunTime:0.000599s ]
NOTIC: [2] session_start(): open(E/session\v\sess_vpst9n6qtjaa4sisjqpi0a65g7, O_RDWR) failed: No such file or directory (2) E:\www\shopadmin.com\ThinkPHP\Common\functions.php 第 1263 行.
ERR: 参数错误或者未定义:id

[ 2016-11-08T00:26:21+08:00 ] 127.0.0.1 /Admin/Article/edit/id/2.html
INFO: [ app_init ] --START--
INFO: Run Behavior\BuildLiteBehavior [ RunTime:0.000025s ]
INFO: [ app_init ] --END-- [ RunTime:0.000542s ]
INFO: [ app_begin ] --START--
INFO: Run Behavior\ReadHtmlCacheBehavior [ RunTime:0.000758s ]
INFO: [ app_begin ] --END-- [ RunTime:0.000828s ]
NOTIC: [2] session_start(): open(E/session\v\sess_vpst9n6qtjaa4sisjqpi0a65g7, O_RDWR) failed: No such file or directory (2) E:\www\shopadmin.com\ThinkPHP\Common\functions.php 第 1263 行.
SQL: SHOW COLUMNS FROM `shop_article` [ RunTime:0.0168s ]
SQL: SELECT * FROM `shop_article` INNER JOIN shop_article_content as dq on dq.article_id=shop_article.id  WHERE `id` = '2' LIMIT 1   [ RunTime:0.0005s ]
SQL: SHOW COLUMNS FROM `shop_article_category` [ RunTime:0.0126s ]
SQL: SELECT `id`,`name` FROM `shop_article_category`  [ RunTime:0.0004s ]
INFO: [ view_parse ] --START--
INFO: [ template_filter ] --START--
INFO: Run Behavior\ContentReplaceBehavior [ RunTime:0.000075s ]
INFO: [ template_filter ] --END-- [ RunTime:0.000157s ]
INFO: Run Behavior\ParseTemplateBehavior [ RunTime:0.043256s ]
INFO: [ view_parse ] --END-- [ RunTime:0.043346s ]
INFO: [ view_filter ] --START--
INFO: Run Behavior\WriteHtmlCacheBehavior [ RunTime:0.000417s ]
INFO: [ view_filter ] --END-- [ RunTime:0.000466s ]
INFO: [ app_end ] --START--
INFO: Run Behavior\ShowPageTraceBehavior [ RunTime:0.000638s ]
INFO: [ app_end ] --END-- [ RunTime:0.000682s ]

[ 2016-11-08T00:26:26+08:00 ] 127.0.0.1 /Admin/Article/edit.html
INFO: [ app_init ] --START--
INFO: Run Behavior\BuildLiteBehavior [ RunTime:0.000014s ]
INFO: [ app_init ] --END-- [ RunTime:0.000430s ]
INFO: [ app_begin ] --START--
INFO: Run Behavior\ReadHtmlCacheBehavior [ RunTime:0.001080s ]
INFO: [ app_begin ] --END-- [ RunTime:0.001172s ]
NOTIC: [2] session_start(): open(E/session\v\sess_vpst9n6qtjaa4sisjqpi0a65g7, O_RDWR) failed: No such file or directory (2) E:\www\shopadmin.com\ThinkPHP\Common\functions.php 第 1263 行.
ERR: 参数错误或者未定义:id

[ 2016-11-08T00:27:14+08:00 ] 127.0.0.1 /Admin/Article/edit.html
INFO: [ app_init ] --START--
INFO: Run Behavior\BuildLiteBehavior [ RunTime:0.000016s ]
INFO: [ app_init ] --END-- [ RunTime:0.000389s ]
INFO: [ app_begin ] --START--
INFO: Run Behavior\ReadHtmlCacheBehavior [ RunTime:0.000500s ]
INFO: [ app_begin ] --END-- [ RunTime:0.000564s ]
NOTIC: [2] session_start(): open(E/session\v\sess_vpst9n6qtjaa4sisjqpi0a65g7, O_RDWR) failed: No such file or directory (2) E:\www\shopadmin.com\ThinkPHP\Common\functions.php 第 1263 行.
ERR: 参数错误或者未定义:id

[ 2016-11-08T00:27:18+08:00 ] 127.0.0.1 /Admin/Article/edit.html
INFO: [ app_init ] --START--
INFO: Run Behavior\BuildLiteBehavior [ RunTime:0.000015s ]
INFO: [ app_init ] --END-- [ RunTime:0.000357s ]
INFO: [ app_begin ] --START--
INFO: Run Behavior\ReadHtmlCacheBehavior [ RunTime:0.000451s ]
INFO: [ app_begin ] --END-- [ RunTime:0.000507s ]
NOTIC: [2] session_start(): open(E/session\v\sess_vpst9n6qtjaa4sisjqpi0a65g7, O_RDWR) failed: No such file or directory (2) E:\www\shopadmin.com\ThinkPHP\Common\functions.php 第 1263 行.
ERR: 参数错误或者未定义:id

[ 2016-11-08T00:27:47+08:00 ] 127.0.0.1 /Admin/Article/edit.html
INFO: [ app_init ] --START--
INFO: Run Behavior\BuildLiteBehavior [ RunTime:0.000014s ]
INFO: [ app_init ] --END-- [ RunTime:0.000379s ]
INFO: [ app_begin ] --START--
INFO: Run Behavior\ReadHtmlCacheBehavior [ RunTime:0.001459s ]
INFO: [ app_begin ] --END-- [ RunTime:0.001612s ]
NOTIC: [2] session_start(): open(E/session\v\sess_vpst9n6qtjaa4sisjqpi0a65g7, O_RDWR) failed: No such file or directory (2) E:\www\shopadmin.com\ThinkPHP\Common\functions.php 第 1263 行.
ERR: 参数错误或者未定义:id

[ 2016-11-08T00:29:23+08:00 ] 127.0.0.1 /Admin/Article/edit/id/2.html
INFO: [ app_init ] --START--
INFO: Run Behavior\BuildLiteBehavior [ RunTime:0.000016s ]
INFO: [ app_init ] --END-- [ RunTime:0.000470s ]
INFO: [ app_begin ] --START--
INFO: Run Behavior\ReadHtmlCacheBehavior [ RunTime:0.000593s ]
INFO: [ app_begin ] --END-- [ RunTime:0.000647s ]
NOTIC: [2] session_start(): open(E/session\1\sess_1vq3vhcqhr1fvr8t2rqs2brrb6, O_RDWR) failed: No such file or directory (2) E:\www\shopadmin.com\ThinkPHP\Common\functions.php 第 1263 行.
SQL: SHOW COLUMNS FROM `shop_article` [ RunTime:0.0161s ]
SQL: SELECT * FROM `shop_article` INNER JOIN shop_article_content as dq on dq.article_id=shop_article.id  WHERE `id` = '2' LIMIT 1   [ RunTime:0.0005s ]
SQL: SHOW COLUMNS FROM `shop_article_category` [ RunTime:0.0127s ]
SQL: SELECT `id`,`name` FROM `shop_article_category`  [ RunTime:0.0004s ]
INFO: [ view_parse ] --START--
INFO: [ template_filter ] --START--
INFO: Run Behavior\ContentReplaceBehavior [ RunTime:0.000080s ]
INFO: [ template_filter ] --END-- [ RunTime:0.000139s ]
INFO: Run Behavior\ParseTemplateBehavior [ RunTime:0.048676s ]
INFO: [ view_parse ] --END-- [ RunTime:0.048737s ]
INFO: [ view_filter ] --START--
INFO: Run Behavior\WriteHtmlCacheBehavior [ RunTime:0.000308s ]
INFO: [ view_filter ] --END-- [ RunTime:0.000346s ]
INFO: [ app_end ] --START--
INFO: Run Behavior\ShowPageTraceBehavior [ RunTime:0.000621s ]
INFO: [ app_end ] --END-- [ RunTime:0.000666s ]

[ 2016-11-08T00:29:25+08:00 ] 127.0.0.1 /Admin/Article/edit.html
INFO: [ app_init ] --START--
INFO: Run Behavior\BuildLiteBehavior [ RunTime:0.000015s ]
INFO: [ app_init ] --END-- [ RunTime:0.000369s ]
INFO: [ app_begin ] --START--
INFO: Run Behavior\ReadHtmlCacheBehavior [ RunTime:0.000522s ]
INFO: [ app_begin ] --END-- [ RunTime:0.000578s ]
NOTIC: [2] session_start(): open(E/session\1\sess_1vq3vhcqhr1fvr8t2rqs2brrb6, O_RDWR) failed: No such file or directory (2) E:\www\shopadmin.com\ThinkPHP\Common\functions.php 第 1263 行.
ERR: 参数错误或者未定义:id

[ 2016-11-08T00:31:28+08:00 ] 127.0.0.1 /Admin/Article/edit.html
INFO: [ app_init ] --START--
INFO: Run Behavior\BuildLiteBehavior [ RunTime:0.000018s ]
INFO: [ app_init ] --END-- [ RunTime:0.000967s ]
INFO: [ app_begin ] --START--
INFO: Run Behavior\ReadHtmlCacheBehavior [ RunTime:0.000610s ]
INFO: [ app_begin ] --END-- [ RunTime:0.000675s ]
NOTIC: [2] session_start(): open(E/session\1\sess_1vq3vhcqhr1fvr8t2rqs2brrb6, O_RDWR) failed: No such file or directory (2) E:\www\shopadmin.com\ThinkPHP\Common\functions.php 第 1263 行.
ERR: 参数错误或者未定义:id

[ 2016-11-08T00:31:33+08:00 ] 127.0.0.1 /Admin/Article/edit/id/2.html
INFO: [ app_init ] --START--
INFO: Run Behavior\BuildLiteBehavior [ RunTime:0.000014s ]
INFO: [ app_init ] --END-- [ RunTime:0.000356s ]
INFO: [ app_begin ] --START--
INFO: Run Behavior\ReadHtmlCacheBehavior [ RunTime:0.000454s ]
INFO: [ app_begin ] --END-- [ RunTime:0.000511s ]
NOTIC: [2] session_start(): open(E/session\1\sess_1vq3vhcqhr1fvr8t2rqs2brrb6, O_RDWR) failed: No such file or directory (2) E:\www\shopadmin.com\ThinkPHP\Common\functions.php 第 1263 行.
SQL: SHOW COLUMNS FROM `shop_article` [ RunTime:0.0160s ]
SQL: SELECT * FROM `shop_article` INNER JOIN shop_article_content as dq on dq.article_id=shop_article.id  WHERE `id` = '2' LIMIT 1   [ RunTime:0.0013s ]
SQL: SHOW COLUMNS FROM `shop_article_category` [ RunTime:0.0107s ]
SQL: SELECT `id`,`name` FROM `shop_article_category`  [ RunTime:0.0004s ]
INFO: [ view_parse ] --START--
INFO: [ template_filter ] --START--
INFO: Run Behavior\ContentReplaceBehavior [ RunTime:0.000079s ]
INFO: [ template_filter ] --END-- [ RunTime:0.000133s ]
INFO: Run Behavior\ParseTemplateBehavior [ RunTime:0.032633s ]
INFO: [ view_parse ] --END-- [ RunTime:0.032716s ]
INFO: [ view_filter ] --START--
INFO: Run Behavior\WriteHtmlCacheBehavior [ RunTime:0.000762s ]
INFO: [ view_filter ] --END-- [ RunTime:0.000832s ]
INFO: [ app_end ] --START--
INFO: Run Behavior\ShowPageTraceBehavior [ RunTime:0.000823s ]
INFO: [ app_end ] --END-- [ RunTime:0.000895s ]

[ 2016-11-08T00:31:40+08:00 ] 127.0.0.1 /Admin/Article/edit.html
INFO: [ app_init ] --START--
INFO: Run Behavior\BuildLiteBehavior [ RunTime:0.000013s ]
INFO: [ app_init ] --END-- [ RunTime:0.000293s ]
INFO: [ app_begin ] --START--
INFO: Run Behavior\ReadHtmlCacheBehavior [ RunTime:0.000383s ]
INFO: [ app_begin ] --END-- [ RunTime:0.000442s ]
NOTIC: [2] session_start(): open(E/session\1\sess_1vq3vhcqhr1fvr8t2rqs2brrb6, O_RDWR) failed: No such file or directory (2) E:\www\shopadmin.com\ThinkPHP\Common\functions.php 第 1263 行.
SQL: SHOW COLUMNS FROM `shop_article` [ RunTime:0.0146s ]
NOTIC: [8] Undefined index: validate E:\www\shopadmin.com\ThinkPHP\Library\Think\Model.class.php 第 1185 行.
NOTIC: [8] Undefined index: auto E:\www\shopadmin.com\ThinkPHP\Library\Think\Model.class.php 第 1128 行.
SQL: UPDATE `shop_article` SET `name`='楚汉传奇',`article_category_id`='2',`intro`='刘邦和项羽之间的江山之争相当精彩的对决1213',`sort`='20',`status`='1' WHERE `id` = 2 [ RunTime:0.1331s ]
SQL: SHOW COLUMNS FROM `shop_article_content` [ RunTime:0.0260s ]
SQL: UPDATE `shop_article_content` SET `content`='项羽出身贵族世家，天赋异禀，目有双瞳，豪气干云，力能举鼎，二十出头，举世无伦的大英雄。刘邦年逾四十，集“草根”与“光棍”于一身，整日游手好..' WHERE `article_id` = 2 [ RunTime:0.0007s ]
INFO: [ view_parse ] --START--
INFO: [ template_filter ] --START--
INFO: Run Behavior\ContentReplaceBehavior [ RunTime:0.000125s ]
INFO: [ template_filter ] --END-- [ RunTime:0.000264s ]
INFO: Run Behavior\ParseTemplateBehavior [ RunTime:0.013774s ]
INFO: [ view_parse ] --END-- [ RunTime:0.013965s ]
INFO: [ view_filter ] --START--
INFO: Run Behavior\WriteHtmlCacheBehavior [ RunTime:0.000863s ]
INFO: [ view_filter ] --END-- [ RunTime:0.001026s ]
INFO: [ app_end ] --START--
INFO: Run Behavior\ShowPageTraceBehavior [ RunTime:0.001785s ]
INFO: [ app_end ] --END-- [ RunTime:0.001937s ]

[ 2016-11-08T00:31:41+08:00 ] 127.0.0.1 /Admin/Article/index.html
INFO: [ app_init ] --START--
INFO: Run Behavior\BuildLiteBehavior [ RunTime:0.000016s ]
INFO: [ app_init ] --END-- [ RunTime:0.000518s ]
INFO: [ app_begin ] --START--
INFO: Run Behavior\ReadHtmlCacheBehavior [ RunTime:0.000437s ]
INFO: [ app_begin ] --END-- [ RunTime:0.000490s ]
NOTIC: [2] session_start(): open(E/session\1\sess_1vq3vhcqhr1fvr8t2rqs2brrb6, O_RDWR) failed: No such file or directory (2) E:\www\shopadmin.com\ThinkPHP\Common\functions.php 第 1263 行.
SQL: SHOW COLUMNS FROM `shop_article` [ RunTime:0.0139s ]
SQL: SELECT COUNT(*) AS tp_count FROM `shop_article` WHERE `status` <> -1 LIMIT 1   [ RunTime:0.0004s ]
SQL: SELECT * FROM `shop_article` WHERE `status` <> -1 ORDER BY sort LIMIT 0,2   [ RunTime:0.0004s ]
SQL: SELECT COUNT(*) AS tp_count FROM `shop_article` WHERE `status` <> -1 LIMIT 1   [ RunTime:0.0004s ]
SQL: SELECT * FROM `shop_article` WHERE `status` <> -1 ORDER BY sort LIMIT 0,2   [ RunTime:0.0004s ]
SQL: SHOW COLUMNS FROM `shop_article_category` [ RunTime:0.0109s ]
SQL: SELECT `id`,`name` FROM `shop_article_category`  [ RunTime:0.0004s ]
INFO: [ view_parse ] --START--
INFO: [ template_filter ] --START--
INFO: Run Behavior\ContentReplaceBehavior [ RunTime:0.000057s ]
INFO: [ template_filter ] --END-- [ RunTime:0.000102s ]
INFO: Run Behavior\ParseTemplateBehavior [ RunTime:0.142229s ]
INFO: [ view_parse ] --END-- [ RunTime:0.142305s ]
INFO: [ view_filter ] --START--
INFO: Run Behavior\WriteHtmlCacheBehavior [ RunTime:0.000235s ]
INFO: [ view_filter ] --END-- [ RunTime:0.000272s ]
INFO: [ app_end ] --START--
INFO: Run Behavior\ShowPageTraceBehavior [ RunTime:0.000801s ]
INFO: [ app_end ] --END-- [ RunTime:0.000864s ]

[ 2016-11-08T00:37:51+08:00 ] 127.0.0.1 /Admin/Article/index.html
INFO: [ app_init ] --START--
INFO: Run Behavior\BuildLiteBehavior [ RunTime:0.000024s ]
INFO: [ app_init ] --END-- [ RunTime:0.000820s ]
INFO: [ app_begin ] --START--
INFO: Run Behavior\ReadHtmlCacheBehavior [ RunTime:0.000702s ]
INFO: [ app_begin ] --END-- [ RunTime:0.000775s ]
NOTIC: [2] session_start(): open(E/session\1\sess_1vq3vhcqhr1fvr8t2rqs2brrb6, O_RDWR) failed: No such file or directory (2) E:\www\shopadmin.com\ThinkPHP\Common\functions.php 第 1263 行.
SQL: SHOW COLUMNS FROM `shop_article` [ RunTime:0.1370s ]
SQL: SELECT COUNT(*) AS tp_count FROM `shop_article` WHERE `status` <> -1 LIMIT 1   [ RunTime:0.0005s ]
SQL: SELECT * FROM `shop_article` WHERE `status` <> -1 ORDER BY sort LIMIT 0,2   [ RunTime:0.0006s ]
SQL: SELECT COUNT(*) AS tp_count FROM `shop_article` WHERE `status` <> -1 LIMIT 1   [ RunTime:0.0004s ]
SQL: SELECT * FROM `shop_article` WHERE `status` <> -1 ORDER BY sort LIMIT 0,2   [ RunTime:0.0004s ]
SQL: SHOW COLUMNS FROM `shop_article_category` [ RunTime:0.0251s ]
SQL: SELECT `id`,`name` FROM `shop_article_category`  [ RunTime:0.0004s ]
INFO: [ view_parse ] --START--
INFO: [ template_filter ] --START--
INFO: Run Behavior\ContentReplaceBehavior [ RunTime:0.000086s ]
INFO: [ template_filter ] --END-- [ RunTime:0.000208s ]
INFO: Run Behavior\ParseTemplateBehavior [ RunTime:0.009636s ]
INFO: [ view_parse ] --END-- [ RunTime:0.009698s ]
INFO: [ view_filter ] --START--
INFO: Run Behavior\WriteHtmlCacheBehavior [ RunTime:0.000344s ]
INFO: [ view_filter ] --END-- [ RunTime:0.000386s ]
INFO: [ app_end ] --START--
INFO: Run Behavior\ShowPageTraceBehavior [ RunTime:0.000632s ]
INFO: [ app_end ] --END-- [ RunTime:0.000675s ]

[ 2016-11-08T00:37:55+08:00 ] 127.0.0.1 /Admin/Article/add.html
INFO: [ app_init ] --START--
INFO: Run Behavior\BuildLiteBehavior [ RunTime:0.000015s ]
INFO: [ app_init ] --END-- [ RunTime:0.000402s ]
INFO: [ app_begin ] --START--
INFO: Run Behavior\ReadHtmlCacheBehavior [ RunTime:0.000657s ]
INFO: [ app_begin ] --END-- [ RunTime:0.000711s ]
NOTIC: [2] session_start(): open(E/session\1\sess_1vq3vhcqhr1fvr8t2rqs2brrb6, O_RDWR) failed: No such file or directory (2) E:\www\shopadmin.com\ThinkPHP\Common\functions.php 第 1263 行.
SQL: SHOW COLUMNS FROM `shop_article_category` [ RunTime:0.0153s ]
SQL: SELECT `id`,`name` FROM `shop_article_category`  [ RunTime:0.0004s ]
INFO: [ view_parse ] --START--
INFO: [ template_filter ] --START--
INFO: Run Behavior\ContentReplaceBehavior [ RunTime:0.000078s ]
INFO: [ template_filter ] --END-- [ RunTime:0.000163s ]
NOTIC: [8] Undefined variable: row E:\www\shopadmin.com\Application\Runtime\Cache\Admin\e16cf278f1c326e72baf6415dbd5ab87.php 第 25 行.
NOTIC: [8] Undefined variable: row E:\www\shopadmin.com\Application\Runtime\Cache\Admin\e16cf278f1c326e72baf6415dbd5ab87.php 第 41 行.
NOTIC: [8] Undefined variable: row E:\www\shopadmin.com\Application\Runtime\Cache\Admin\e16cf278f1c326e72baf6415dbd5ab87.php 第 47 行.
NOTIC: [8] Undefined variable: row E:\www\shopadmin.com\Application\Runtime\Cache\Admin\e16cf278f1c326e72baf6415dbd5ab87.php 第 71 行.
INFO: Run Behavior\ParseTemplateBehavior [ RunTime:0.879842s ]
INFO: [ view_parse ] --END-- [ RunTime:0.879904s ]
INFO: [ view_filter ] --START--
INFO: Run Behavior\WriteHtmlCacheBehavior [ RunTime:0.000320s ]
INFO: [ view_filter ] --END-- [ RunTime:0.000357s ]
INFO: [ app_end ] --START--
INFO: Run Behavior\ShowPageTraceBehavior [ RunTime:0.000560s ]
INFO: [ app_end ] --END-- [ RunTime:0.000596s ]

[ 2016-11-08T00:38:21+08:00 ] 127.0.0.1 /Admin/Article/add.html
INFO: [ app_init ] --START--
INFO: Run Behavior\BuildLiteBehavior [ RunTime:0.000016s ]
INFO: [ app_init ] --END-- [ RunTime:0.000414s ]
INFO: [ app_begin ] --START--
INFO: Run Behavior\ReadHtmlCacheBehavior [ RunTime:0.000472s ]
INFO: [ app_begin ] --END-- [ RunTime:0.000527s ]
NOTIC: [2] session_start(): open(E/session\1\sess_1vq3vhcqhr1fvr8t2rqs2brrb6, O_RDWR) failed: No such file or directory (2) E:\www\shopadmin.com\ThinkPHP\Common\functions.php 第 1263 行.
SQL: SHOW COLUMNS FROM `shop_article` [ RunTime:0.1114s ]
NOTIC: [8] Undefined index: validate E:\www\shopadmin.com\ThinkPHP\Library\Think\Model.class.php 第 1185 行.
NOTIC: [8] Undefined index: auto E:\www\shopadmin.com\ThinkPHP\Library\Think\Model.class.php 第 1128 行.
SQL: INSERT INTO `shop_article` (`name`,`article_category_id`,`intro`,`sort`,`status`,`id`) VALUES ('wewd','3','dwedwd','45','0','0') [ RunTime:0.0004s ]
SQL: SHOW COLUMNS FROM `shop_article_content` [ RunTime:0.0121s ]
SQL: INSERT INTO `shop_article_content` (`article_id`,`content`) VALUES ('11','wdewcsdc三个人干豆腐') [ RunTime:0.0004s ]
INFO: [ view_parse ] --START--
INFO: [ template_filter ] --START--
INFO: Run Behavior\ContentReplaceBehavior [ RunTime:0.000056s ]
INFO: [ template_filter ] --END-- [ RunTime:0.000123s ]
INFO: Run Behavior\ParseTemplateBehavior [ RunTime:0.256925s ]
INFO: [ view_parse ] --END-- [ RunTime:0.257006s ]
INFO: [ view_filter ] --START--
INFO: Run Behavior\WriteHtmlCacheBehavior [ RunTime:0.000242s ]
INFO: [ view_filter ] --END-- [ RunTime:0.000279s ]
INFO: [ app_end ] --START--
INFO: Run Behavior\ShowPageTraceBehavior [ RunTime:0.000498s ]
INFO: [ app_end ] --END-- [ RunTime:0.000534s ]

[ 2016-11-08T00:38:22+08:00 ] 127.0.0.1 /Admin/Article/index.html
INFO: [ app_init ] --START--
INFO: Run Behavior\BuildLiteBehavior [ RunTime:0.000016s ]
INFO: [ app_init ] --END-- [ RunTime:0.000442s ]
INFO: [ app_begin ] --START--
INFO: Run Behavior\ReadHtmlCacheBehavior [ RunTime:0.000648s ]
INFO: [ app_begin ] --END-- [ RunTime:0.000730s ]
NOTIC: [2] session_start(): open(E/session\1\sess_1vq3vhcqhr1fvr8t2rqs2brrb6, O_RDWR) failed: No such file or directory (2) E:\www\shopadmin.com\ThinkPHP\Common\functions.php 第 1263 行.
SQL: SHOW COLUMNS FROM `shop_article` [ RunTime:0.0150s ]
SQL: SELECT COUNT(*) AS tp_count FROM `shop_article` WHERE `status` <> -1 LIMIT 1   [ RunTime:0.0004s ]
SQL: SELECT * FROM `shop_article` WHERE `status` <> -1 ORDER BY sort LIMIT 0,2   [ RunTime:0.0004s ]
SQL: SELECT COUNT(*) AS tp_count FROM `shop_article` WHERE `status` <> -1 LIMIT 1   [ RunTime:0.0003s ]
SQL: SELECT * FROM `shop_article` WHERE `status` <> -1 ORDER BY sort LIMIT 0,2   [ RunTime:0.0005s ]
SQL: SHOW COLUMNS FROM `shop_article_category` [ RunTime:0.0108s ]
SQL: SELECT `id`,`name` FROM `shop_article_category`  [ RunTime:0.0004s ]
INFO: [ view_parse ] --START--
INFO: [ template_filter ] --START--
INFO: Run Behavior\ContentReplaceBehavior [ RunTime:0.000090s ]
INFO: [ template_filter ] --END-- [ RunTime:0.000169s ]
INFO: Run Behavior\ParseTemplateBehavior [ RunTime:0.007207s ]
INFO: [ view_parse ] --END-- [ RunTime:0.007259s ]
INFO: [ view_filter ] --START--
INFO: Run Behavior\WriteHtmlCacheBehavior [ RunTime:0.000242s ]
INFO: [ view_filter ] --END-- [ RunTime:0.000277s ]
INFO: [ app_end ] --START--
INFO: Run Behavior\ShowPageTraceBehavior [ RunTime:0.000484s ]
INFO: [ app_end ] --END-- [ RunTime:0.000520s ]

[ 2016-11-08T00:38:25+08:00 ] 127.0.0.1 /Admin/Article/index/p/5.html
INFO: [ app_init ] --START--
INFO: Run Behavior\BuildLiteBehavior [ RunTime:0.000014s ]
INFO: [ app_init ] --END-- [ RunTime:0.000356s ]
INFO: [ app_begin ] --START--
INFO: Run Behavior\ReadHtmlCacheBehavior [ RunTime:0.000460s ]
INFO: [ app_begin ] --END-- [ RunTime:0.000514s ]
NOTIC: [2] session_start(): open(E/session\1\sess_1vq3vhcqhr1fvr8t2rqs2brrb6, O_RDWR) failed: No such file or directory (2) E:\www\shopadmin.com\ThinkPHP\Common\functions.php 第 1263 行.
SQL: SHOW COLUMNS FROM `shop_article` [ RunTime:0.0159s ]
SQL: SELECT COUNT(*) AS tp_count FROM `shop_article` WHERE `status` <> -1 LIMIT 1   [ RunTime:0.0004s ]
SQL: SELECT * FROM `shop_article` WHERE `status` <> -1 ORDER BY sort LIMIT 8,2   [ RunTime:0.0004s ]
SQL: SELECT COUNT(*) AS tp_count FROM `shop_article` WHERE `status` <> -1 LIMIT 1   [ RunTime:0.0003s ]
SQL: SELECT * FROM `shop_article` WHERE `status` <> -1 ORDER BY sort LIMIT 8,2   [ RunTime:0.0004s ]
SQL: SHOW COLUMNS FROM `shop_article_category` [ RunTime:0.0105s ]
SQL: SELECT `id`,`name` FROM `shop_article_category`  [ RunTime:0.0004s ]
INFO: [ view_parse ] --START--
INFO: [ template_filter ] --START--
INFO: Run Behavior\ContentReplaceBehavior [ RunTime:0.000071s ]
INFO: [ template_filter ] --END-- [ RunTime:0.000135s ]
INFO: Run Behavior\ParseTemplateBehavior [ RunTime:0.007904s ]
INFO: [ view_parse ] --END-- [ RunTime:0.007963s ]
INFO: [ view_filter ] --START--
INFO: Run Behavior\WriteHtmlCacheBehavior [ RunTime:0.000227s ]
INFO: [ view_filter ] --END-- [ RunTime:0.000265s ]
INFO: [ app_end ] --START--
INFO: Run Behavior\ShowPageTraceBehavior [ RunTime:0.000523s ]
INFO: [ app_end ] --END-- [ RunTime:0.000560s ]

[ 2016-11-08T00:38:27+08:00 ] 127.0.0.1 /Admin/Article/remove/id/11.html
INFO: [ app_init ] --START--
INFO: Run Behavior\BuildLiteBehavior [ RunTime:0.000014s ]
INFO: [ app_init ] --END-- [ RunTime:0.000357s ]
INFO: [ app_begin ] --START--
INFO: Run Behavior\ReadHtmlCacheBehavior [ RunTime:0.000457s ]
INFO: [ app_begin ] --END-- [ RunTime:0.000510s ]
NOTIC: [2] session_start(): open(E/session\1\sess_1vq3vhcqhr1fvr8t2rqs2brrb6, O_RDWR) failed: No such file or directory (2) E:\www\shopadmin.com\ThinkPHP\Common\functions.php 第 1263 行.
SQL: SHOW COLUMNS FROM `shop_article` [ RunTime:0.0162s ]
ERR: Think\Model:deleteArticle方法不存在！

[ 2016-11-08T00:39:17+08:00 ] 127.0.0.1 /Admin/Article/remove/id/11.html
INFO: [ app_init ] --START--
INFO: Run Behavior\BuildLiteBehavior [ RunTime:0.000015s ]
INFO: [ app_init ] --END-- [ RunTime:0.000387s ]
INFO: [ app_begin ] --START--
INFO: Run Behavior\ReadHtmlCacheBehavior [ RunTime:0.001136s ]
INFO: [ app_begin ] --END-- [ RunTime:0.001231s ]
NOTIC: [2] session_start(): open(E/session\1\sess_1vq3vhcqhr1fvr8t2rqs2brrb6, O_RDWR) failed: No such file or directory (2) E:\www\shopadmin.com\ThinkPHP\Common\functions.php 第 1263 行.
SQL: SHOW COLUMNS FROM `shop_article` [ RunTime:0.0146s ]
SQL: DELETE FROM `shop_article` WHERE `id` = 11 [ RunTime:0.0004s ]
SQL: SHOW COLUMNS FROM `shop_article_content` [ RunTime:0.0115s ]
SQL: DELETE FROM `shop_article_content` WHERE `article_id` = 11 [ RunTime:0.0004s ]
INFO: [ view_parse ] --START--
INFO: [ template_filter ] --START--
INFO: Run Behavior\ContentReplaceBehavior [ RunTime:0.000047s ]
INFO: [ template_filter ] --END-- [ RunTime:0.000105s ]
INFO: Run Behavior\ParseTemplateBehavior [ RunTime:0.005864s ]
INFO: [ view_parse ] --END-- [ RunTime:0.005979s ]
INFO: [ view_filter ] --START--
INFO: Run Behavior\WriteHtmlCacheBehavior [ RunTime:0.000249s ]
INFO: [ view_filter ] --END-- [ RunTime:0.000296s ]
INFO: [ app_end ] --START--
INFO: Run Behavior\ShowPageTraceBehavior [ RunTime:0.000537s ]
INFO: [ app_end ] --END-- [ RunTime:0.000577s ]

[ 2016-11-08T00:39:19+08:00 ] 127.0.0.1 /Admin/Article/index.html
INFO: [ app_init ] --START--
INFO: Run Behavior\BuildLiteBehavior [ RunTime:0.000017s ]
INFO: [ app_init ] --END-- [ RunTime:0.000426s ]
INFO: [ app_begin ] --START--
INFO: Run Behavior\ReadHtmlCacheBehavior [ RunTime:0.000601s ]
INFO: [ app_begin ] --END-- [ RunTime:0.000672s ]
NOTIC: [2] session_start(): open(E/session\1\sess_1vq3vhcqhr1fvr8t2rqs2brrb6, O_RDWR) failed: No such file or directory (2) E:\www\shopadmin.com\ThinkPHP\Common\functions.php 第 1263 行.
SQL: SHOW COLUMNS FROM `shop_article` [ RunTime:0.0180s ]
SQL: SELECT COUNT(*) AS tp_count FROM `shop_article` WHERE `status` <> -1 LIMIT 1   [ RunTime:0.0004s ]
SQL: SELECT * FROM `shop_article` WHERE `status` <> -1 ORDER BY sort LIMIT 0,2   [ RunTime:0.0004s ]
SQL: SELECT COUNT(*) AS tp_count FROM `shop_article` WHERE `status` <> -1 LIMIT 1   [ RunTime:0.0003s ]
SQL: SELECT * FROM `shop_article` WHERE `status` <> -1 ORDER BY sort LIMIT 0,2   [ RunTime:0.0003s ]
SQL: SHOW COLUMNS FROM `shop_article_category` [ RunTime:0.0115s ]
SQL: SELECT `id`,`name` FROM `shop_article_category`  [ RunTime:0.0003s ]
INFO: [ view_parse ] --START--
INFO: [ template_filter ] --START--
INFO: Run Behavior\ContentReplaceBehavior [ RunTime:0.000070s ]
INFO: [ template_filter ] --END-- [ RunTime:0.000125s ]
INFO: Run Behavior\ParseTemplateBehavior [ RunTime:0.007194s ]
INFO: [ view_parse ] --END-- [ RunTime:0.007251s ]
INFO: [ view_filter ] --START--
INFO: Run Behavior\WriteHtmlCacheBehavior [ RunTime:0.000223s ]
INFO: [ view_filter ] --END-- [ RunTime:0.000263s ]
INFO: [ app_end ] --START--
INFO: Run Behavior\ShowPageTraceBehavior [ RunTime:0.000523s ]
INFO: [ app_end ] --END-- [ RunTime:0.000561s ]

[ 2016-11-08T00:39:21+08:00 ] 127.0.0.1 /Admin/Article/index/p/2.html
INFO: [ app_init ] --START--
INFO: Run Behavior\BuildLiteBehavior [ RunTime:0.000014s ]
INFO: [ app_init ] --END-- [ RunTime:0.000397s ]
INFO: [ app_begin ] --START--
INFO: Run Behavior\ReadHtmlCacheBehavior [ RunTime:0.000459s ]
INFO: [ app_begin ] --END-- [ RunTime:0.000511s ]
NOTIC: [2] session_start(): open(E/session\1\sess_1vq3vhcqhr1fvr8t2rqs2brrb6, O_RDWR) failed: No such file or directory (2) E:\www\shopadmin.com\ThinkPHP\Common\functions.php 第 1263 行.
SQL: SHOW COLUMNS FROM `shop_article` [ RunTime:0.0143s ]
SQL: SELECT COUNT(*) AS tp_count FROM `shop_article` WHERE `status` <> -1 LIMIT 1   [ RunTime:0.0004s ]
SQL: SELECT * FROM `shop_article` WHERE `status` <> -1 ORDER BY sort LIMIT 2,2   [ RunTime:0.0004s ]
SQL: SELECT COUNT(*) AS tp_count FROM `shop_article` WHERE `status` <> -1 LIMIT 1   [ RunTime:0.0003s ]
SQL: SELECT * FROM `shop_article` WHERE `status` <> -1 ORDER BY sort LIMIT 2,2   [ RunTime:0.0004s ]
SQL: SHOW COLUMNS FROM `shop_article_category` [ RunTime:0.0107s ]
SQL: SELECT `id`,`name` FROM `shop_article_category`  [ RunTime:0.0003s ]
INFO: [ view_parse ] --START--
INFO: [ template_filter ] --START--
INFO: Run Behavior\ContentReplaceBehavior [ RunTime:0.000074s ]
INFO: [ template_filter ] --END-- [ RunTime:0.000142s ]
INFO: Run Behavior\ParseTemplateBehavior [ RunTime:0.008264s ]
INFO: [ view_parse ] --END-- [ RunTime:0.008355s ]
INFO: [ view_filter ] --START--
INFO: Run Behavior\WriteHtmlCacheBehavior [ RunTime:0.000227s ]
INFO: [ view_filter ] --END-- [ RunTime:0.000264s ]
INFO: [ app_end ] --START--
INFO: Run Behavior\ShowPageTraceBehavior [ RunTime:0.000561s ]
INFO: [ app_end ] --END-- [ RunTime:0.000601s ]

[ 2016-11-08T00:39:22+08:00 ] 127.0.0.1 /Admin/Article/index/p/3.html
INFO: [ app_init ] --START--
INFO: Run Behavior\BuildLiteBehavior [ RunTime:0.000014s ]
INFO: [ app_init ] --END-- [ RunTime:0.000365s ]
INFO: [ app_begin ] --START--
INFO: Run Behavior\ReadHtmlCacheBehavior [ RunTime:0.000503s ]
INFO: [ app_begin ] --END-- [ RunTime:0.000583s ]
NOTIC: [2] session_start(): open(E/session\1\sess_1vq3vhcqhr1fvr8t2rqs2brrb6, O_RDWR) failed: No such file or directory (2) E:\www\shopadmin.com\ThinkPHP\Common\functions.php 第 1263 行.
SQL: SHOW COLUMNS FROM `shop_article` [ RunTime:0.0143s ]
SQL: SELECT COUNT(*) AS tp_count FROM `shop_article` WHERE `status` <> -1 LIMIT 1   [ RunTime:0.0003s ]
SQL: SELECT * FROM `shop_article` WHERE `status` <> -1 ORDER BY sort LIMIT 4,2   [ RunTime:0.0004s ]
SQL: SELECT COUNT(*) AS tp_count FROM `shop_article` WHERE `status` <> -1 LIMIT 1   [ RunTime:0.0002s ]
SQL: SELECT * FROM `shop_article` WHERE `status` <> -1 ORDER BY sort LIMIT 4,2   [ RunTime:0.0003s ]
SQL: SHOW COLUMNS FROM `shop_article_category` [ RunTime:0.0104s ]
SQL: SELECT `id`,`name` FROM `shop_article_category`  [ RunTime:0.0003s ]
INFO: [ view_parse ] --START--
INFO: [ template_filter ] --START--
INFO: Run Behavior\ContentReplaceBehavior [ RunTime:0.000062s ]
INFO: [ template_filter ] --END-- [ RunTime:0.000127s ]
INFO: Run Behavior\ParseTemplateBehavior [ RunTime:0.007266s ]
INFO: [ view_parse ] --END-- [ RunTime:0.007359s ]
INFO: [ view_filter ] --START--
INFO: Run Behavior\WriteHtmlCacheBehavior [ RunTime:0.000210s ]
INFO: [ view_filter ] --END-- [ RunTime:0.000244s ]
INFO: [ app_end ] --START--
INFO: Run Behavior\ShowPageTraceBehavior [ RunTime:0.000553s ]
INFO: [ app_end ] --END-- [ RunTime:0.000589s ]

[ 2016-11-08T00:39:24+08:00 ] 127.0.0.1 /Admin/Article/index/p/2.html
INFO: [ app_init ] --START--
INFO: Run Behavior\BuildLiteBehavior [ RunTime:0.000015s ]
INFO: [ app_init ] --END-- [ RunTime:0.000356s ]
INFO: [ app_begin ] --START--
INFO: Run Behavior\ReadHtmlCacheBehavior [ RunTime:0.000464s ]
INFO: [ app_begin ] --END-- [ RunTime:0.000517s ]
NOTIC: [2] session_start(): open(E/session\1\sess_1vq3vhcqhr1fvr8t2rqs2brrb6, O_RDWR) failed: No such file or directory (2) E:\www\shopadmin.com\ThinkPHP\Common\functions.php 第 1263 行.
SQL: SHOW COLUMNS FROM `shop_article` [ RunTime:0.0150s ]
SQL: SELECT COUNT(*) AS tp_count FROM `shop_article` WHERE `status` <> -1 LIMIT 1   [ RunTime:0.0004s ]
SQL: SELECT * FROM `shop_article` WHERE `status` <> -1 ORDER BY sort LIMIT 2,2   [ RunTime:0.0004s ]
SQL: SELECT COUNT(*) AS tp_count FROM `shop_article` WHERE `status` <> -1 LIMIT 1   [ RunTime:0.0003s ]
SQL: SELECT * FROM `shop_article` WHERE `status` <> -1 ORDER BY sort LIMIT 2,2   [ RunTime:0.0004s ]
SQL: SHOW COLUMNS FROM `shop_article_category` [ RunTime:0.0104s ]
SQL: SELECT `id`,`name` FROM `shop_article_category`  [ RunTime:0.0003s ]
INFO: [ view_parse ] --START--
INFO: [ template_filter ] --START--
INFO: Run Behavior\ContentReplaceBehavior [ RunTime:0.000066s ]
INFO: [ template_filter ] --END-- [ RunTime:0.000123s ]
INFO: Run Behavior\ParseTemplateBehavior [ RunTime:0.007909s ]
INFO: [ view_parse ] --END-- [ RunTime:0.007962s ]
INFO: [ view_filter ] --START--
INFO: Run Behavior\WriteHtmlCacheBehavior [ RunTime:0.000256s ]
INFO: [ view_filter ] --END-- [ RunTime:0.000293s ]
INFO: [ app_end ] --START--
INFO: Run Behavior\ShowPageTraceBehavior [ RunTime:0.000550s ]
INFO: [ app_end ] --END-- [ RunTime:0.000589s ]

[ 2016-11-08T00:39:30+08:00 ] 127.0.0.1 /Admin/Article/edit/id/4.html
INFO: [ app_init ] --START--
INFO: Run Behavior\BuildLiteBehavior [ RunTime:0.000015s ]
INFO: [ app_init ] --END-- [ RunTime:0.000417s ]
INFO: [ app_begin ] --START--
INFO: Run Behavior\ReadHtmlCacheBehavior [ RunTime:0.000543s ]
INFO: [ app_begin ] --END-- [ RunTime:0.000601s ]
NOTIC: [2] session_start(): open(E/session\1\sess_1vq3vhcqhr1fvr8t2rqs2brrb6, O_RDWR) failed: No such file or directory (2) E:\www\shopadmin.com\ThinkPHP\Common\functions.php 第 1263 行.
SQL: SHOW COLUMNS FROM `shop_article` [ RunTime:0.0180s ]
SQL: SELECT * FROM `shop_article` INNER JOIN shop_article_content as dq on dq.article_id=shop_article.id  WHERE `id` = '4' LIMIT 1   [ RunTime:0.0005s ]
SQL: SHOW COLUMNS FROM `shop_article_category` [ RunTime:0.0121s ]
SQL: SELECT `id`,`name` FROM `shop_article_category`  [ RunTime:0.0003s ]
INFO: [ view_parse ] --START--
INFO: [ template_filter ] --START--
INFO: Run Behavior\ContentReplaceBehavior [ RunTime:0.000071s ]
INFO: [ template_filter ] --END-- [ RunTime:0.000133s ]
INFO: Run Behavior\ParseTemplateBehavior [ RunTime:0.008189s ]
INFO: [ view_parse ] --END-- [ RunTime:0.008265s ]
INFO: [ view_filter ] --START--
INFO: Run Behavior\WriteHtmlCacheBehavior [ RunTime:0.000378s ]
INFO: [ view_filter ] --END-- [ RunTime:0.000438s ]
INFO: [ app_end ] --START--
INFO: Run Behavior\ShowPageTraceBehavior [ RunTime:0.000717s ]
INFO: [ app_end ] --END-- [ RunTime:0.000792s ]

[ 2016-11-08T00:39:58+08:00 ] 127.0.0.1 /Admin/Article/edit.html
INFO: [ app_init ] --START--
INFO: Run Behavior\BuildLiteBehavior [ RunTime:0.000016s ]
INFO: [ app_init ] --END-- [ RunTime:0.000584s ]
INFO: [ app_begin ] --START--
INFO: Run Behavior\ReadHtmlCacheBehavior [ RunTime:0.000649s ]
INFO: [ app_begin ] --END-- [ RunTime:0.000710s ]
NOTIC: [2] session_start(): open(E/session\1\sess_1vq3vhcqhr1fvr8t2rqs2brrb6, O_RDWR) failed: No such file or directory (2) E:\www\shopadmin.com\ThinkPHP\Common\functions.php 第 1263 行.
SQL: SHOW COLUMNS FROM `shop_article` [ RunTime:0.0929s ]
NOTIC: [8] Undefined index: validate E:\www\shopadmin.com\ThinkPHP\Library\Think\Model.class.php 第 1185 行.
NOTIC: [8] Undefined index: auto E:\www\shopadmin.com\ThinkPHP\Library\Think\Model.class.php 第 1128 行.
SQL: UPDATE `shop_article` SET `name`='闯关东',`article_category_id`='4',`intro`='这是一次很难的人类迁徙旅程,人们过得很艰辛!!',`sort`='20',`status`='1' WHERE `id` = 4 [ RunTime:0.0005s ]
SQL: SHOW COLUMNS FROM `shop_article_content` [ RunTime:0.0121s ]
SQL: UPDATE `shop_article_content` SET `content`='《闯关东》讲述的是从清末到九一八事变爆发前，一户山东人家为生活所迫而离乡背井“闯关东”的故事，以主人公朱开山的复杂、坎坷的一生为线索，' WHERE `article_id` = 4 [ RunTime:0.0004s ]
INFO: [ view_parse ] --START--
INFO: [ template_filter ] --START--
INFO: Run Behavior\ContentReplaceBehavior [ RunTime:0.000080s ]
INFO: [ template_filter ] --END-- [ RunTime:0.000185s ]
INFO: Run Behavior\ParseTemplateBehavior [ RunTime:0.007384s ]
INFO: [ view_parse ] --END-- [ RunTime:0.007458s ]
INFO: [ view_filter ] --START--
INFO: Run Behavior\WriteHtmlCacheBehavior [ RunTime:0.000379s ]
INFO: [ view_filter ] --END-- [ RunTime:0.000424s ]
INFO: [ app_end ] --START--
INFO: Run Behavior\ShowPageTraceBehavior [ RunTime:0.000655s ]
INFO: [ app_end ] --END-- [ RunTime:0.000699s ]

[ 2016-11-08T00:39:59+08:00 ] 127.0.0.1 /Admin/Article/index.html
INFO: [ app_init ] --START--
INFO: Run Behavior\BuildLiteBehavior [ RunTime:0.000029s ]
INFO: [ app_init ] --END-- [ RunTime:0.000806s ]
INFO: [ app_begin ] --START--
INFO: Run Behavior\ReadHtmlCacheBehavior [ RunTime:0.001132s ]
INFO: [ app_begin ] --END-- [ RunTime:0.001252s ]
NOTIC: [2] session_start(): open(E/session\1\sess_1vq3vhcqhr1fvr8t2rqs2brrb6, O_RDWR) failed: No such file or directory (2) E:\www\shopadmin.com\ThinkPHP\Common\functions.php 第 1263 行.
SQL: SHOW COLUMNS FROM `shop_article` [ RunTime:0.0201s ]
SQL: SELECT COUNT(*) AS tp_count FROM `shop_article` WHERE `status` <> -1 LIMIT 1   [ RunTime:0.0003s ]
SQL: SELECT * FROM `shop_article` WHERE `status` <> -1 ORDER BY sort LIMIT 0,2   [ RunTime:0.0003s ]
SQL: SELECT COUNT(*) AS tp_count FROM `shop_article` WHERE `status` <> -1 LIMIT 1   [ RunTime:0.0002s ]
SQL: SELECT * FROM `shop_article` WHERE `status` <> -1 ORDER BY sort LIMIT 0,2   [ RunTime:0.0003s ]
SQL: SHOW COLUMNS FROM `shop_article_category` [ RunTime:0.0105s ]
SQL: SELECT `id`,`name` FROM `shop_article_category`  [ RunTime:0.0003s ]
INFO: [ view_parse ] --START--
INFO: [ template_filter ] --START--
INFO: Run Behavior\ContentReplaceBehavior [ RunTime:0.000065s ]
INFO: [ template_filter ] --END-- [ RunTime:0.000118s ]
INFO: Run Behavior\ParseTemplateBehavior [ RunTime:0.007982s ]
INFO: [ view_parse ] --END-- [ RunTime:0.008037s ]
INFO: [ view_filter ] --START--
INFO: Run Behavior\WriteHtmlCacheBehavior [ RunTime:0.000224s ]
INFO: [ view_filter ] --END-- [ RunTime:0.000260s ]
INFO: [ app_end ] --START--
INFO: Run Behavior\ShowPageTraceBehavior [ RunTime:0.000530s ]
INFO: [ app_end ] --END-- [ RunTime:0.000570s ]

[ 2016-11-08T00:40:46+08:00 ] 127.0.0.1 /Admin/Article/edit.html
INFO: [ app_init ] --START--
INFO: Run Behavior\BuildLiteBehavior [ RunTime:0.000012s ]
INFO: [ app_init ] --END-- [ RunTime:0.000322s ]
INFO: [ app_begin ] --START--
INFO: Run Behavior\ReadHtmlCacheBehavior [ RunTime:0.000396s ]
INFO: [ app_begin ] --END-- [ RunTime:0.000443s ]
NOTIC: [2] session_start(): open(E/session\v\sess_vpst9n6qtjaa4sisjqpi0a65g7, O_RDWR) failed: No such file or directory (2) E:\www\shopadmin.com\ThinkPHP\Common\functions.php 第 1263 行.
ERR: 参数错误或者未定义:id

